{"C:\\Users\\DAW\\Desktop\\ReadEase\\ReadEase-Front\\src\\App.jsx": {"path":"C:\\Users\\DAW\\Desktop\\ReadEase\\ReadEase-Front\\src\\App.jsx","all":false,"statementMap":{"0":{"start":{"line":1,"column":0},"end":{"line":1,"column":40}},"1":{"start":{"line":2,"column":0},"end":{"line":2,"column":64}},"3":{"start":{"line":4,"column":0},"end":{"line":4,"column":32}},"4":{"start":{"line":5,"column":0},"end":{"line":5,"column":32}},"5":{"start":{"line":6,"column":0},"end":{"line":6,"column":38}},"6":{"start":{"line":7,"column":0},"end":{"line":7,"column":36}},"7":{"start":{"line":8,"column":0},"end":{"line":8,"column":34}},"8":{"start":{"line":9,"column":0},"end":{"line":9,"column":34}},"9":{"start":{"line":10,"column":0},"end":{"line":10,"column":40}},"10":{"start":{"line":11,"column":0},"end":{"line":11,"column":49}},"12":{"start":{"line":13,"column":0},"end":{"line":13,"column":16}},"13":{"start":{"line":14,"column":0},"end":{"line":14,"column":54}},"14":{"start":{"line":15,"column":0},"end":{"line":15,"column":47}},"16":{"start":{"line":17,"column":0},"end":{"line":17,"column":96}},"17":{"start":{"line":18,"column":0},"end":{"line":18,"column":33}},"18":{"start":{"line":19,"column":0},"end":{"line":19,"column":24}},"19":{"start":{"line":20,"column":0},"end":{"line":20,"column":22}},"20":{"start":{"line":21,"column":0},"end":{"line":21,"column":4}},"22":{"start":{"line":23,"column":0},"end":{"line":23,"column":32}},"23":{"start":{"line":24,"column":0},"end":{"line":24,"column":30}},"24":{"start":{"line":25,"column":0},"end":{"line":25,"column":25}},"25":{"start":{"line":26,"column":0},"end":{"line":26,"column":20}},"26":{"start":{"line":27,"column":0},"end":{"line":27,"column":71}},"27":{"start":{"line":28,"column":0},"end":{"line":28,"column":4}},"30":{"start":{"line":31,"column":0},"end":{"line":31,"column":87}},"32":{"start":{"line":33,"column":0},"end":{"line":33,"column":10}},"33":{"start":{"line":34,"column":0},"end":{"line":34,"column":19}},"34":{"start":{"line":35,"column":0},"end":{"line":35,"column":14}},"35":{"start":{"line":36,"column":0},"end":{"line":36,"column":45}},"36":{"start":{"line":37,"column":0},"end":{"line":37,"column":49}},"37":{"start":{"line":38,"column":0},"end":{"line":38,"column":56}},"38":{"start":{"line":39,"column":0},"end":{"line":39,"column":53}},"39":{"start":{"line":40,"column":0},"end":{"line":40,"column":73}},"40":{"start":{"line":41,"column":0},"end":{"line":41,"column":74}},"41":{"start":{"line":42,"column":0},"end":{"line":42,"column":51}},"42":{"start":{"line":43,"column":0},"end":{"line":43,"column":57}},"46":{"start":{"line":47,"column":0},"end":{"line":47,"column":1}},"48":{"start":{"line":49,"column":0},"end":{"line":49,"column":19}}},"s":{"0":1,"1":1,"3":1,"4":1,"5":1,"6":1,"7":1,"8":1,"9":1,"10":1,"12":1,"13":1,"14":1,"16":1,"17":1,"18":0,"19":0,"20":0,"22":1,"23":1,"24":0,"25":0,"26":0,"27":0,"30":1,"32":1,"33":1,"34":1,"35":1,"36":1,"37":1,"38":1,"39":1,"40":1,"41":1,"42":1,"46":1,"48":1},"branchMap":{"0":{"type":"branch","line":13,"loc":{"start":{"line":13,"column":0},"end":{"line":47,"column":1}},"locations":[{"start":{"line":13,"column":0},"end":{"line":47,"column":1}}]}},"b":{"0":[1]},"fnMap":{"0":{"name":"App","decl":{"start":{"line":13,"column":0},"end":{"line":47,"column":1}},"loc":{"start":{"line":13,"column":0},"end":{"line":47,"column":1}},"line":13},"1":{"name":"handleLogin","decl":{"start":{"line":18,"column":22},"end":{"line":21,"column":4}},"loc":{"start":{"line":18,"column":22},"end":{"line":21,"column":4}},"line":18},"2":{"name":"handleLogout","decl":{"start":{"line":24,"column":23},"end":{"line":28,"column":4}},"loc":{"start":{"line":24,"column":23},"end":{"line":28,"column":4}},"line":24}},"f":{"0":1,"1":0,"2":0}}
,"C:\\Users\\DAW\\Desktop\\ReadEase\\ReadEase-Front\\src\\main.jsx": {"path":"C:\\Users\\DAW\\Desktop\\ReadEase\\ReadEase-Front\\src\\main.jsx","all":true,"statementMap":{"0":{"start":{"line":1,"column":0},"end":{"line":1,"column":34}},"1":{"start":{"line":2,"column":0},"end":{"line":2,"column":45}},"2":{"start":{"line":3,"column":0},"end":{"line":3,"column":20}},"3":{"start":{"line":4,"column":0},"end":{"line":4,"column":27}},"5":{"start":{"line":6,"column":0},"end":{"line":6,"column":51}},"6":{"start":{"line":7,"column":0},"end":{"line":7,"column":14}},"7":{"start":{"line":8,"column":0},"end":{"line":8,"column":11}}},"s":{"0":0,"1":0,"2":0,"3":0,"5":0,"6":0,"7":0},"branchMap":{"0":{"type":"branch","line":1,"loc":{"start":{"line":1,"column":228},"end":{"line":10,"column":1}},"locations":[{"start":{"line":1,"column":228},"end":{"line":10,"column":1}}]}},"b":{"0":[0]},"fnMap":{"0":{"name":"(empty-report)","decl":{"start":{"line":1,"column":228},"end":{"line":10,"column":1}},"loc":{"start":{"line":1,"column":228},"end":{"line":10,"column":1}},"line":1}},"f":{"0":0}}
,"C:\\Users\\DAW\\Desktop\\ReadEase\\ReadEase-Front\\src\\components\\Footer\\Footer.jsx": {"path":"C:\\Users\\DAW\\Desktop\\ReadEase\\ReadEase-Front\\src\\components\\Footer\\Footer.jsx","all":false,"statementMap":{"0":{"start":{"line":1,"column":0},"end":{"line":1,"column":26}},"1":{"start":{"line":2,"column":0},"end":{"line":2,"column":23}},"3":{"start":{"line":4,"column":0},"end":{"line":4,"column":34}},"4":{"start":{"line":5,"column":0},"end":{"line":5,"column":10}},"5":{"start":{"line":6,"column":0},"end":{"line":6,"column":31}},"6":{"start":{"line":7,"column":0},"end":{"line":7,"column":55}},"9":{"start":{"line":10,"column":0},"end":{"line":10,"column":1}}},"s":{"0":1,"1":1,"3":1,"4":2,"5":2,"6":2,"9":2},"branchMap":{"0":{"type":"branch","line":4,"loc":{"start":{"line":4,"column":15},"end":{"line":10,"column":1}},"locations":[{"start":{"line":4,"column":15},"end":{"line":10,"column":1}}]}},"b":{"0":[2]},"fnMap":{"0":{"name":"Footer","decl":{"start":{"line":4,"column":15},"end":{"line":10,"column":1}},"loc":{"start":{"line":4,"column":15},"end":{"line":10,"column":1}},"line":4}},"f":{"0":2}}
,"C:\\Users\\DAW\\Desktop\\ReadEase\\ReadEase-Front\\src\\components\\Header\\Header.jsx": {"path":"C:\\Users\\DAW\\Desktop\\ReadEase\\ReadEase-Front\\src\\components\\Header\\Header.jsx","all":false,"statementMap":{"0":{"start":{"line":1,"column":0},"end":{"line":1,"column":26}},"1":{"start":{"line":2,"column":0},"end":{"line":2,"column":40}},"2":{"start":{"line":3,"column":0},"end":{"line":3,"column":22}},"4":{"start":{"line":5,"column":0},"end":{"line":5,"column":68}},"5":{"start":{"line":6,"column":0},"end":{"line":6,"column":10}},"6":{"start":{"line":7,"column":0},"end":{"line":7,"column":31}},"7":{"start":{"line":8,"column":0},"end":{"line":8,"column":38}},"8":{"start":{"line":9,"column":0},"end":{"line":9,"column":43}},"9":{"start":{"line":10,"column":0},"end":{"line":10,"column":44}},"13":{"start":{"line":14,"column":0},"end":{"line":14,"column":27}},"14":{"start":{"line":15,"column":0},"end":{"line":15,"column":23}},"15":{"start":{"line":16,"column":0},"end":{"line":16,"column":58}},"16":{"start":{"line":17,"column":0},"end":{"line":17,"column":31}},"19":{"start":{"line":20,"column":0},"end":{"line":20,"column":49}},"26":{"start":{"line":27,"column":0},"end":{"line":27,"column":1}}},"s":{"0":1,"1":1,"2":1,"4":1,"5":1,"6":1,"7":1,"8":1,"9":1,"13":1,"14":1,"15":0,"16":0,"19":1,"26":1},"branchMap":{"0":{"type":"branch","line":5,"loc":{"start":{"line":5,"column":15},"end":{"line":27,"column":1}},"locations":[{"start":{"line":5,"column":15},"end":{"line":27,"column":1}}]},"1":{"type":"branch","line":15,"loc":{"start":{"line":15,"column":9},"end":{"line":20,"column":11}},"locations":[{"start":{"line":15,"column":9},"end":{"line":20,"column":11}}]}},"b":{"0":[1],"1":[0]},"fnMap":{"0":{"name":"Header","decl":{"start":{"line":5,"column":15},"end":{"line":27,"column":1}},"loc":{"start":{"line":5,"column":15},"end":{"line":27,"column":1}},"line":5}},"f":{"0":1}}
,"C:\\Users\\DAW\\Desktop\\ReadEase\\ReadEase-Front\\src\\components\\LoginForm\\LoginForm.jsx": {"path":"C:\\Users\\DAW\\Desktop\\ReadEase\\ReadEase-Front\\src\\components\\LoginForm\\LoginForm.jsx","all":false,"statementMap":{"0":{"start":{"line":1,"column":0},"end":{"line":1,"column":40}},"2":{"start":{"line":3,"column":0},"end":{"line":3,"column":25}},"3":{"start":{"line":4,"column":0},"end":{"line":4,"column":41}},"4":{"start":{"line":5,"column":0},"end":{"line":5,"column":47}},"6":{"start":{"line":7,"column":0},"end":{"line":7,"column":61}},"8":{"start":{"line":9,"column":0},"end":{"line":9,"column":31}},"9":{"start":{"line":10,"column":0},"end":{"line":10,"column":23}},"10":{"start":{"line":11,"column":0},"end":{"line":11,"column":31}},"11":{"start":{"line":12,"column":0},"end":{"line":12,"column":42}},"12":{"start":{"line":13,"column":0},"end":{"line":13,"column":13}},"13":{"start":{"line":14,"column":0},"end":{"line":14,"column":5}},"14":{"start":{"line":15,"column":0},"end":{"line":15,"column":30}},"15":{"start":{"line":16,"column":0},"end":{"line":16,"column":54}},"16":{"start":{"line":17,"column":0},"end":{"line":17,"column":13}},"17":{"start":{"line":18,"column":0},"end":{"line":18,"column":5}},"18":{"start":{"line":19,"column":0},"end":{"line":19,"column":52}},"19":{"start":{"line":20,"column":0},"end":{"line":20,"column":4}},"21":{"start":{"line":22,"column":0},"end":{"line":22,"column":10}},"22":{"start":{"line":23,"column":0},"end":{"line":23,"column":71}},"23":{"start":{"line":24,"column":0},"end":{"line":24,"column":27}},"24":{"start":{"line":25,"column":0},"end":{"line":25,"column":12}},"25":{"start":{"line":26,"column":0},"end":{"line":26,"column":20}},"26":{"start":{"line":27,"column":0},"end":{"line":27,"column":21}},"27":{"start":{"line":28,"column":0},"end":{"line":28,"column":50}},"28":{"start":{"line":29,"column":0},"end":{"line":29,"column":16}},"29":{"start":{"line":30,"column":0},"end":{"line":30,"column":31}},"31":{"start":{"line":32,"column":0},"end":{"line":32,"column":30}},"32":{"start":{"line":33,"column":0},"end":{"line":33,"column":12}},"33":{"start":{"line":34,"column":0},"end":{"line":34,"column":23}},"34":{"start":{"line":35,"column":0},"end":{"line":35,"column":24}},"35":{"start":{"line":36,"column":0},"end":{"line":36,"column":53}},"36":{"start":{"line":37,"column":0},"end":{"line":37,"column":16}},"37":{"start":{"line":38,"column":0},"end":{"line":38,"column":39}},"38":{"start":{"line":39,"column":0},"end":{"line":39,"column":21}},"40":{"start":{"line":41,"column":0},"end":{"line":41,"column":43}},"43":{"start":{"line":44,"column":0},"end":{"line":44,"column":2}},"45":{"start":{"line":46,"column":0},"end":{"line":46,"column":25}}},"s":{"0":1,"2":1,"3":1,"4":1,"6":1,"8":1,"9":0,"10":0,"11":0,"12":0,"13":0,"14":0,"15":0,"16":0,"17":0,"18":0,"19":0,"21":1,"22":1,"23":1,"24":1,"25":1,"26":1,"27":1,"28":1,"29":1,"31":1,"32":1,"33":1,"34":1,"35":1,"36":1,"37":1,"38":1,"40":1,"43":1,"45":1},"branchMap":{"0":{"type":"branch","line":3,"loc":{"start":{"line":3,"column":18},"end":{"line":44,"column":2}},"locations":[{"start":{"line":3,"column":18},"end":{"line":44,"column":2}}]}},"b":{"0":[1]},"fnMap":{"0":{"name":"LoginForm","decl":{"start":{"line":3,"column":18},"end":{"line":44,"column":2}},"loc":{"start":{"line":3,"column":18},"end":{"line":44,"column":2}},"line":3},"1":{"name":"isValidEmail","decl":{"start":{"line":7,"column":23},"end":{"line":7,"column":61}},"loc":{"start":{"line":7,"column":23},"end":{"line":7,"column":61}},"line":7},"2":{"name":"handleSubmit","decl":{"start":{"line":9,"column":23},"end":{"line":20,"column":4}},"loc":{"start":{"line":9,"column":23},"end":{"line":20,"column":4}},"line":9},"3":{"name":"onChange","decl":{"start":{"line":28,"column":18},"end":{"line":28,"column":50}},"loc":{"start":{"line":28,"column":18},"end":{"line":28,"column":50}},"line":28},"4":{"name":"onChange","decl":{"start":{"line":36,"column":18},"end":{"line":36,"column":53}},"loc":{"start":{"line":36,"column":18},"end":{"line":36,"column":53}},"line":36}},"f":{"0":1,"1":0,"2":0,"3":0,"4":0}}
,"C:\\Users\\DAW\\Desktop\\ReadEase\\ReadEase-Front\\src\\components\\SignUpForm\\SignUpForm.jsx": {"path":"C:\\Users\\DAW\\Desktop\\ReadEase\\ReadEase-Front\\src\\components\\SignUpForm\\SignUpForm.jsx","all":false,"statementMap":{"0":{"start":{"line":1,"column":0},"end":{"line":1,"column":40}},"2":{"start":{"line":3,"column":0},"end":{"line":3,"column":26}},"3":{"start":{"line":4,"column":0},"end":{"line":4,"column":41}},"4":{"start":{"line":5,"column":0},"end":{"line":5,"column":47}},"5":{"start":{"line":6,"column":0},"end":{"line":6,"column":61}},"7":{"start":{"line":8,"column":0},"end":{"line":8,"column":61}},"9":{"start":{"line":10,"column":0},"end":{"line":10,"column":31}},"10":{"start":{"line":11,"column":0},"end":{"line":11,"column":23}},"11":{"start":{"line":12,"column":0},"end":{"line":12,"column":31}},"12":{"start":{"line":13,"column":0},"end":{"line":13,"column":42}},"13":{"start":{"line":14,"column":0},"end":{"line":14,"column":13}},"14":{"start":{"line":15,"column":0},"end":{"line":15,"column":5}},"15":{"start":{"line":16,"column":0},"end":{"line":16,"column":30}},"16":{"start":{"line":17,"column":0},"end":{"line":17,"column":54}},"17":{"start":{"line":18,"column":0},"end":{"line":18,"column":13}},"18":{"start":{"line":19,"column":0},"end":{"line":19,"column":5}},"19":{"start":{"line":20,"column":0},"end":{"line":20,"column":39}},"20":{"start":{"line":21,"column":0},"end":{"line":21,"column":38}},"21":{"start":{"line":22,"column":0},"end":{"line":22,"column":13}},"22":{"start":{"line":23,"column":0},"end":{"line":23,"column":5}},"23":{"start":{"line":24,"column":0},"end":{"line":24,"column":53}},"24":{"start":{"line":25,"column":0},"end":{"line":25,"column":4}},"26":{"start":{"line":27,"column":0},"end":{"line":27,"column":10}},"27":{"start":{"line":28,"column":0},"end":{"line":28,"column":56}},"28":{"start":{"line":29,"column":0},"end":{"line":29,"column":22}},"29":{"start":{"line":30,"column":0},"end":{"line":30,"column":27}},"30":{"start":{"line":31,"column":0},"end":{"line":31,"column":12}},"31":{"start":{"line":32,"column":0},"end":{"line":32,"column":20}},"32":{"start":{"line":33,"column":0},"end":{"line":33,"column":21}},"33":{"start":{"line":34,"column":0},"end":{"line":34,"column":50}},"34":{"start":{"line":35,"column":0},"end":{"line":35,"column":16}},"35":{"start":{"line":36,"column":0},"end":{"line":36,"column":31}},"37":{"start":{"line":38,"column":0},"end":{"line":38,"column":30}},"38":{"start":{"line":39,"column":0},"end":{"line":39,"column":12}},"39":{"start":{"line":40,"column":0},"end":{"line":40,"column":23}},"40":{"start":{"line":41,"column":0},"end":{"line":41,"column":24}},"41":{"start":{"line":42,"column":0},"end":{"line":42,"column":53}},"42":{"start":{"line":43,"column":0},"end":{"line":43,"column":16}},"43":{"start":{"line":44,"column":0},"end":{"line":44,"column":35}},"44":{"start":{"line":45,"column":0},"end":{"line":45,"column":21}},"46":{"start":{"line":47,"column":0},"end":{"line":47,"column":38}},"47":{"start":{"line":48,"column":0},"end":{"line":48,"column":12}},"48":{"start":{"line":49,"column":0},"end":{"line":49,"column":23}},"49":{"start":{"line":50,"column":0},"end":{"line":50,"column":31}},"50":{"start":{"line":51,"column":0},"end":{"line":51,"column":60}},"51":{"start":{"line":52,"column":0},"end":{"line":52,"column":16}},"52":{"start":{"line":53,"column":0},"end":{"line":53,"column":35}},"53":{"start":{"line":54,"column":0},"end":{"line":54,"column":21}},"55":{"start":{"line":56,"column":0},"end":{"line":56,"column":44}},"58":{"start":{"line":59,"column":0},"end":{"line":59,"column":2}},"60":{"start":{"line":61,"column":0},"end":{"line":61,"column":26}}},"s":{"0":1,"2":1,"3":1,"4":1,"5":1,"7":1,"9":1,"10":0,"11":0,"12":0,"13":0,"14":0,"15":0,"16":0,"17":0,"18":0,"19":0,"20":0,"21":0,"22":0,"23":0,"24":0,"26":1,"27":1,"28":1,"29":1,"30":1,"31":1,"32":1,"33":1,"34":1,"35":1,"37":1,"38":1,"39":1,"40":1,"41":1,"42":1,"43":1,"44":1,"46":1,"47":1,"48":1,"49":1,"50":1,"51":1,"52":1,"53":1,"55":1,"58":1,"60":1},"branchMap":{"0":{"type":"branch","line":3,"loc":{"start":{"line":3,"column":19},"end":{"line":59,"column":2}},"locations":[{"start":{"line":3,"column":19},"end":{"line":59,"column":2}}]}},"b":{"0":[1]},"fnMap":{"0":{"name":"SignUpForm","decl":{"start":{"line":3,"column":19},"end":{"line":59,"column":2}},"loc":{"start":{"line":3,"column":19},"end":{"line":59,"column":2}},"line":3},"1":{"name":"isValidEmail","decl":{"start":{"line":8,"column":23},"end":{"line":8,"column":61}},"loc":{"start":{"line":8,"column":23},"end":{"line":8,"column":61}},"line":8},"2":{"name":"handleSubmit","decl":{"start":{"line":10,"column":23},"end":{"line":25,"column":4}},"loc":{"start":{"line":10,"column":23},"end":{"line":25,"column":4}},"line":10},"3":{"name":"onChange","decl":{"start":{"line":34,"column":18},"end":{"line":34,"column":50}},"loc":{"start":{"line":34,"column":18},"end":{"line":34,"column":50}},"line":34},"4":{"name":"onChange","decl":{"start":{"line":42,"column":18},"end":{"line":42,"column":53}},"loc":{"start":{"line":42,"column":18},"end":{"line":42,"column":53}},"line":42},"5":{"name":"onChange","decl":{"start":{"line":51,"column":18},"end":{"line":51,"column":60}},"loc":{"start":{"line":51,"column":18},"end":{"line":51,"column":60}},"line":51}},"f":{"0":1,"1":0,"2":0,"3":0,"4":0,"5":0}}
,"C:\\Users\\DAW\\Desktop\\ReadEase\\ReadEase-Front\\src\\pages\\Cart.jsx": {"path":"C:\\Users\\DAW\\Desktop\\ReadEase\\ReadEase-Front\\src\\pages\\Cart.jsx","all":false,"statementMap":{"0":{"start":{"line":1,"column":0},"end":{"line":1,"column":26}},"1":{"start":{"line":2,"column":0},"end":{"line":2,"column":40}},"3":{"start":{"line":4,"column":0},"end":{"line":4,"column":32}},"4":{"start":{"line":5,"column":0},"end":{"line":5,"column":10}},"5":{"start":{"line":6,"column":0},"end":{"line":6,"column":9}},"6":{"start":{"line":7,"column":0},"end":{"line":7,"column":19}},"7":{"start":{"line":8,"column":0},"end":{"line":8,"column":50}},"10":{"start":{"line":11,"column":0},"end":{"line":11,"column":44}},"13":{"start":{"line":14,"column":0},"end":{"line":14,"column":1}}},"s":{"0":1,"1":1,"3":1,"4":1,"5":1,"6":1,"7":1,"10":1,"13":1},"branchMap":{"0":{"type":"branch","line":4,"loc":{"start":{"line":4,"column":15},"end":{"line":14,"column":1}},"locations":[{"start":{"line":4,"column":15},"end":{"line":14,"column":1}}]}},"b":{"0":[1]},"fnMap":{"0":{"name":"Cart","decl":{"start":{"line":4,"column":15},"end":{"line":14,"column":1}},"loc":{"start":{"line":4,"column":15},"end":{"line":14,"column":1}},"line":4}},"f":{"0":1}}
,"C:\\Users\\DAW\\Desktop\\ReadEase\\ReadEase-Front\\src\\pages\\Config.jsx": {"path":"C:\\Users\\DAW\\Desktop\\ReadEase\\ReadEase-Front\\src\\pages\\Config.jsx","all":false,"statementMap":{"0":{"start":{"line":1,"column":0},"end":{"line":1,"column":26}},"2":{"start":{"line":3,"column":0},"end":{"line":3,"column":34}},"3":{"start":{"line":4,"column":0},"end":{"line":4,"column":10}},"4":{"start":{"line":5,"column":0},"end":{"line":5,"column":9}},"5":{"start":{"line":6,"column":0},"end":{"line":6,"column":33}},"6":{"start":{"line":7,"column":0},"end":{"line":7,"column":71}},"8":{"start":{"line":9,"column":0},"end":{"line":9,"column":11}},"9":{"start":{"line":10,"column":0},"end":{"line":10,"column":32}},"10":{"start":{"line":11,"column":0},"end":{"line":11,"column":60}},"11":{"start":{"line":12,"column":0},"end":{"line":12,"column":40}},"14":{"start":{"line":15,"column":0},"end":{"line":15,"column":11}},"15":{"start":{"line":16,"column":0},"end":{"line":16,"column":32}},"16":{"start":{"line":17,"column":0},"end":{"line":17,"column":56}},"17":{"start":{"line":18,"column":0},"end":{"line":18,"column":40}},"20":{"start":{"line":21,"column":0},"end":{"line":21,"column":11}},"21":{"start":{"line":22,"column":0},"end":{"line":22,"column":34}},"22":{"start":{"line":23,"column":0},"end":{"line":23,"column":15}},"23":{"start":{"line":24,"column":0},"end":{"line":24,"column":52}},"25":{"start":{"line":26,"column":0},"end":{"line":26,"column":41}},"29":{"start":{"line":30,"column":0},"end":{"line":30,"column":1}}},"s":{"0":1,"2":1,"3":1,"4":1,"5":1,"6":1,"8":1,"9":1,"10":1,"11":1,"14":1,"15":1,"16":1,"17":1,"20":1,"21":1,"22":1,"23":1,"25":1,"29":1},"branchMap":{"0":{"type":"branch","line":3,"loc":{"start":{"line":3,"column":15},"end":{"line":30,"column":1}},"locations":[{"start":{"line":3,"column":15},"end":{"line":30,"column":1}}]}},"b":{"0":[1]},"fnMap":{"0":{"name":"Config","decl":{"start":{"line":3,"column":15},"end":{"line":30,"column":1}},"loc":{"start":{"line":3,"column":15},"end":{"line":30,"column":1}},"line":3}},"f":{"0":1}}
,"C:\\Users\\DAW\\Desktop\\ReadEase\\ReadEase-Front\\src\\pages\\Home.jsx": {"path":"C:\\Users\\DAW\\Desktop\\ReadEase\\ReadEase-Front\\src\\pages\\Home.jsx","all":false,"statementMap":{"0":{"start":{"line":1,"column":0},"end":{"line":1,"column":26}},"1":{"start":{"line":2,"column":0},"end":{"line":2,"column":50}},"2":{"start":{"line":3,"column":0},"end":{"line":3,"column":40}},"4":{"start":{"line":5,"column":0},"end":{"line":5,"column":32}},"5":{"start":{"line":6,"column":0},"end":{"line":6,"column":10}},"6":{"start":{"line":7,"column":0},"end":{"line":7,"column":34}},"9":{"start":{"line":10,"column":0},"end":{"line":10,"column":25}},"12":{"start":{"line":13,"column":0},"end":{"line":13,"column":12}},"13":{"start":{"line":14,"column":0},"end":{"line":14,"column":109}},"14":{"start":{"line":15,"column":0},"end":{"line":15,"column":20}},"15":{"start":{"line":16,"column":0},"end":{"line":16,"column":22}},"19":{"start":{"line":20,"column":0},"end":{"line":20,"column":30}},"21":{"start":{"line":22,"column":0},"end":{"line":22,"column":15}},"22":{"start":{"line":23,"column":0},"end":{"line":23,"column":23}},"23":{"start":{"line":24,"column":0},"end":{"line":24,"column":24}},"25":{"start":{"line":26,"column":0},"end":{"line":26,"column":27}},"26":{"start":{"line":27,"column":0},"end":{"line":27,"column":47}},"29":{"start":{"line":30,"column":0},"end":{"line":30,"column":15}},"30":{"start":{"line":31,"column":0},"end":{"line":31,"column":26}},"31":{"start":{"line":32,"column":0},"end":{"line":32,"column":24}},"33":{"start":{"line":34,"column":0},"end":{"line":34,"column":27}},"34":{"start":{"line":35,"column":0},"end":{"line":35,"column":46}},"38":{"start":{"line":39,"column":0},"end":{"line":39,"column":15}},"39":{"start":{"line":40,"column":0},"end":{"line":40,"column":24}},"40":{"start":{"line":41,"column":0},"end":{"line":41,"column":24}},"42":{"start":{"line":43,"column":0},"end":{"line":43,"column":27}},"43":{"start":{"line":44,"column":0},"end":{"line":44,"column":51}},"50":{"start":{"line":51,"column":0},"end":{"line":51,"column":16}},"53":{"start":{"line":54,"column":0},"end":{"line":54,"column":1}}},"s":{"0":1,"1":1,"2":1,"4":1,"5":2,"6":2,"9":2,"12":2,"13":2,"14":2,"15":2,"19":2,"21":2,"22":2,"23":2,"25":2,"26":2,"29":2,"30":2,"31":2,"33":2,"34":2,"38":2,"39":2,"40":2,"42":2,"43":2,"50":2,"53":2},"branchMap":{"0":{"type":"branch","line":5,"loc":{"start":{"line":5,"column":15},"end":{"line":54,"column":1}},"locations":[{"start":{"line":5,"column":15},"end":{"line":54,"column":1}}]}},"b":{"0":[2]},"fnMap":{"0":{"name":"Home","decl":{"start":{"line":5,"column":15},"end":{"line":54,"column":1}},"loc":{"start":{"line":5,"column":15},"end":{"line":54,"column":1}},"line":5}},"f":{"0":2}}
,"C:\\Users\\DAW\\Desktop\\ReadEase\\ReadEase-Front\\src\\pages\\Login.jsx": {"path":"C:\\Users\\DAW\\Desktop\\ReadEase\\ReadEase-Front\\src\\pages\\Login.jsx","all":false,"statementMap":{"0":{"start":{"line":1,"column":0},"end":{"line":1,"column":26}},"1":{"start":{"line":2,"column":0},"end":{"line":2,"column":53}},"2":{"start":{"line":3,"column":0},"end":{"line":3,"column":58}},"3":{"start":{"line":4,"column":0},"end":{"line":4,"column":61}},"5":{"start":{"line":6,"column":0},"end":{"line":6,"column":21}},"6":{"start":{"line":7,"column":0},"end":{"line":7,"column":33}},"8":{"start":{"line":9,"column":0},"end":{"line":9,"column":10}},"9":{"start":{"line":10,"column":0},"end":{"line":10,"column":107}},"10":{"start":{"line":11,"column":0},"end":{"line":11,"column":42}},"11":{"start":{"line":12,"column":0},"end":{"line":12,"column":24}},"12":{"start":{"line":13,"column":0},"end":{"line":13,"column":21}},"15":{"start":{"line":16,"column":0},"end":{"line":16,"column":43}},"16":{"start":{"line":17,"column":0},"end":{"line":17,"column":24}},"17":{"start":{"line":18,"column":0},"end":{"line":18,"column":22}},"20":{"start":{"line":21,"column":0},"end":{"line":21,"column":35}},"21":{"start":{"line":22,"column":0},"end":{"line":22,"column":43}},"22":{"start":{"line":23,"column":0},"end":{"line":23,"column":13}},"23":{"start":{"line":24,"column":0},"end":{"line":24,"column":68}},"26":{"start":{"line":27,"column":0},"end":{"line":27,"column":13}},"27":{"start":{"line":28,"column":0},"end":{"line":28,"column":68}},"33":{"start":{"line":34,"column":0},"end":{"line":34,"column":2}},"35":{"start":{"line":36,"column":0},"end":{"line":36,"column":21}}},"s":{"0":1,"1":1,"2":1,"3":1,"5":1,"6":1,"8":1,"9":1,"10":1,"11":1,"12":1,"15":1,"16":1,"17":1,"20":1,"21":1,"22":0,"23":0,"26":1,"27":1,"33":1,"35":1},"branchMap":{"0":{"type":"branch","line":6,"loc":{"start":{"line":6,"column":14},"end":{"line":34,"column":2}},"locations":[{"start":{"line":6,"column":14},"end":{"line":34,"column":2}}]},"1":{"type":"branch","line":22,"loc":{"start":{"line":22,"column":31},"end":{"line":27,"column":11}},"locations":[{"start":{"line":22,"column":31},"end":{"line":27,"column":11}}]}},"b":{"0":[1],"1":[0]},"fnMap":{"0":{"name":"Login","decl":{"start":{"line":6,"column":14},"end":{"line":34,"column":2}},"loc":{"start":{"line":6,"column":14},"end":{"line":34,"column":2}},"line":6}},"f":{"0":1}}
,"C:\\Users\\DAW\\Desktop\\ReadEase\\ReadEase-Front\\src\\pages\\MyBooks.jsx": {"path":"C:\\Users\\DAW\\Desktop\\ReadEase\\ReadEase-Front\\src\\pages\\MyBooks.jsx","all":false,"statementMap":{"0":{"start":{"line":1,"column":0},"end":{"line":1,"column":26}},"2":{"start":{"line":3,"column":0},"end":{"line":3,"column":35}},"3":{"start":{"line":4,"column":0},"end":{"line":4,"column":10}},"4":{"start":{"line":5,"column":0},"end":{"line":5,"column":9}},"5":{"start":{"line":6,"column":0},"end":{"line":6,"column":23}},"6":{"start":{"line":7,"column":0},"end":{"line":7,"column":75}},"10":{"start":{"line":11,"column":0},"end":{"line":11,"column":1}}},"s":{"0":1,"2":1,"3":1,"4":1,"5":1,"6":1,"10":1},"branchMap":{"0":{"type":"branch","line":3,"loc":{"start":{"line":3,"column":15},"end":{"line":11,"column":1}},"locations":[{"start":{"line":3,"column":15},"end":{"line":11,"column":1}}]}},"b":{"0":[1]},"fnMap":{"0":{"name":"MyBooks","decl":{"start":{"line":3,"column":15},"end":{"line":11,"column":1}},"loc":{"start":{"line":3,"column":15},"end":{"line":11,"column":1}},"line":3}},"f":{"0":1}}
,"C:\\Users\\DAW\\Desktop\\ReadEase\\ReadEase-Front\\src\\pages\\ReadMode.jsx": {"path":"C:\\Users\\DAW\\Desktop\\ReadEase\\ReadEase-Front\\src\\pages\\ReadMode.jsx","all":false,"statementMap":{"0":{"start":{"line":1,"column":0},"end":{"line":1,"column":26}},"2":{"start":{"line":3,"column":0},"end":{"line":3,"column":36}},"3":{"start":{"line":4,"column":0},"end":{"line":4,"column":10}},"4":{"start":{"line":5,"column":0},"end":{"line":5,"column":9}},"5":{"start":{"line":6,"column":0},"end":{"line":6,"column":27}},"6":{"start":{"line":7,"column":0},"end":{"line":7,"column":74}},"10":{"start":{"line":11,"column":0},"end":{"line":11,"column":1}}},"s":{"0":1,"2":1,"3":1,"4":1,"5":1,"6":1,"10":1},"branchMap":{"0":{"type":"branch","line":3,"loc":{"start":{"line":3,"column":15},"end":{"line":11,"column":1}},"locations":[{"start":{"line":3,"column":15},"end":{"line":11,"column":1}}]}},"b":{"0":[1]},"fnMap":{"0":{"name":"ReadMode","decl":{"start":{"line":3,"column":15},"end":{"line":11,"column":1}},"loc":{"start":{"line":3,"column":15},"end":{"line":11,"column":1}},"line":3}},"f":{"0":1}}
,"C:\\Users\\DAW\\Desktop\\ReadEase\\ReadEase-Front\\src\\pages\\Store.jsx": {"path":"C:\\Users\\DAW\\Desktop\\ReadEase\\ReadEase-Front\\src\\pages\\Store.jsx","all":false,"statementMap":{"0":{"start":{"line":1,"column":0},"end":{"line":1,"column":26}},"1":{"start":{"line":2,"column":0},"end":{"line":2,"column":40}},"3":{"start":{"line":4,"column":0},"end":{"line":4,"column":33}},"4":{"start":{"line":5,"column":0},"end":{"line":5,"column":10}},"5":{"start":{"line":6,"column":0},"end":{"line":6,"column":9}},"6":{"start":{"line":7,"column":0},"end":{"line":7,"column":20}},"7":{"start":{"line":8,"column":0},"end":{"line":8,"column":79}},"10":{"start":{"line":11,"column":0},"end":{"line":11,"column":40}},"13":{"start":{"line":14,"column":0},"end":{"line":14,"column":1}}},"s":{"0":1,"1":1,"3":1,"4":1,"5":1,"6":1,"7":1,"10":1,"13":1},"branchMap":{"0":{"type":"branch","line":4,"loc":{"start":{"line":4,"column":15},"end":{"line":14,"column":1}},"locations":[{"start":{"line":4,"column":15},"end":{"line":14,"column":1}}]}},"b":{"0":[1]},"fnMap":{"0":{"name":"Store","decl":{"start":{"line":4,"column":15},"end":{"line":14,"column":1}},"loc":{"start":{"line":4,"column":15},"end":{"line":14,"column":1}},"line":4}},"f":{"0":1}}
,"C:\\Users\\DAW\\Desktop\\ReadEase\\ReadEase-Front\\src\\services\\api.js": {"path":"C:\\Users\\DAW\\Desktop\\ReadEase\\ReadEase-Front\\src\\services\\api.js","all":true,"statementMap":{"0":{"start":{"line":1,"column":0},"end":{"line":1,"column":26}},"1":{"start":{"line":2,"column":0},"end":{"line":2,"column":0}},"2":{"start":{"line":3,"column":0},"end":{"line":3,"column":26}},"3":{"start":{"line":4,"column":0},"end":{"line":4,"column":71}},"4":{"start":{"line":5,"column":0},"end":{"line":5,"column":3}},"5":{"start":{"line":6,"column":0},"end":{"line":6,"column":0}},"6":{"start":{"line":7,"column":0},"end":{"line":7,"column":19}}},"s":{"0":0,"1":0,"2":0,"3":0,"4":0,"5":0,"6":0},"branchMap":{"0":{"type":"branch","line":1,"loc":{"start":{"line":1,"column":157},"end":{"line":7,"column":19}},"locations":[{"start":{"line":1,"column":157},"end":{"line":7,"column":19}}]}},"b":{"0":[0]},"fnMap":{"0":{"name":"(empty-report)","decl":{"start":{"line":1,"column":157},"end":{"line":7,"column":19}},"loc":{"start":{"line":1,"column":157},"end":{"line":7,"column":19}},"line":1}},"f":{"0":0}}
}
