{"C:\\Users\\DAW\\Desktop\\ReadEase\\ReadEase-Back\\controllers\\BookController.js": {"path":"C:\\Users\\DAW\\Desktop\\ReadEase\\ReadEase-Back\\controllers\\BookController.js","statementMap":{"0":{"start":{"line":3,"column":27},"end":{"line":10,"column":1}},"1":{"start":{"line":4,"column":4},"end":{"line":9,"column":5}},"2":{"start":{"line":5,"column":22},"end":{"line":5,"column":47}},"3":{"start":{"line":6,"column":8},"end":{"line":6,"column":23}},"4":{"start":{"line":8,"column":8},"end":{"line":8,"column":44}},"5":{"start":{"line":12,"column":23},"end":{"line":19,"column":1}},"6":{"start":{"line":13,"column":4},"end":{"line":18,"column":5}},"7":{"start":{"line":14,"column":21},"end":{"line":14,"column":78}},"8":{"start":{"line":15,"column":8},"end":{"line":15,"column":22}},"9":{"start":{"line":17,"column":8},"end":{"line":17,"column":44}},"10":{"start":{"line":21,"column":26},"end":{"line":28,"column":1}},"11":{"start":{"line":22,"column":4},"end":{"line":27,"column":5}},"12":{"start":{"line":23,"column":8},"end":{"line":23,"column":40}},"13":{"start":{"line":24,"column":8},"end":{"line":24,"column":59}},"14":{"start":{"line":26,"column":8},"end":{"line":26,"column":44}},"15":{"start":{"line":30,"column":26},"end":{"line":37,"column":1}},"16":{"start":{"line":31,"column":4},"end":{"line":36,"column":5}},"17":{"start":{"line":32,"column":8},"end":{"line":32,"column":74}},"18":{"start":{"line":33,"column":8},"end":{"line":33,"column":59}},"19":{"start":{"line":35,"column":8},"end":{"line":35,"column":44}},"20":{"start":{"line":39,"column":26},"end":{"line":46,"column":1}},"21":{"start":{"line":40,"column":4},"end":{"line":45,"column":5}},"22":{"start":{"line":41,"column":8},"end":{"line":41,"column":65}},"23":{"start":{"line":42,"column":8},"end":{"line":42,"column":59}},"24":{"start":{"line":44,"column":8},"end":{"line":44,"column":44}}},"fnMap":{"0":{"name":"(anonymous_0)","decl":{"start":{"line":3,"column":27},"end":{"line":3,"column":28}},"loc":{"start":{"line":3,"column":47},"end":{"line":10,"column":1}},"line":3},"1":{"name":"(anonymous_1)","decl":{"start":{"line":12,"column":23},"end":{"line":12,"column":24}},"loc":{"start":{"line":12,"column":43},"end":{"line":19,"column":1}},"line":12},"2":{"name":"(anonymous_2)","decl":{"start":{"line":21,"column":26},"end":{"line":21,"column":27}},"loc":{"start":{"line":21,"column":46},"end":{"line":28,"column":1}},"line":21},"3":{"name":"(anonymous_3)","decl":{"start":{"line":30,"column":26},"end":{"line":30,"column":27}},"loc":{"start":{"line":30,"column":46},"end":{"line":37,"column":1}},"line":30},"4":{"name":"(anonymous_4)","decl":{"start":{"line":39,"column":26},"end":{"line":39,"column":27}},"loc":{"start":{"line":39,"column":46},"end":{"line":46,"column":1}},"line":39}},"branchMap":{},"s":{"0":1,"1":0,"2":0,"3":0,"4":0,"5":1,"6":2,"7":2,"8":1,"9":1,"10":1,"11":2,"12":2,"13":1,"14":1,"15":1,"16":2,"17":2,"18":1,"19":1,"20":1,"21":2,"22":2,"23":1,"24":1},"f":{"0":0,"1":2,"2":2,"3":2,"4":2},"b":{},"_coverageSchema":"1a1c01bbd47fc00a2c39e90264f33305004495a9","hash":"58f7fb63a0ab720e9ffa5c987128bb8cd0dfba1a"}
,"C:\\Users\\DAW\\Desktop\\ReadEase\\ReadEase-Back\\controllers\\UserController.js": {"path":"C:\\Users\\DAW\\Desktop\\ReadEase\\ReadEase-Back\\controllers\\UserController.js","statementMap":{"0":{"start":{"line":11,"column":25},"end":{"line":37,"column":1}},"1":{"start":{"line":12,"column":2},"end":{"line":36,"column":3}},"2":{"start":{"line":13,"column":32},"end":{"line":13,"column":40}},"3":{"start":{"line":14,"column":17},"end":{"line":14,"column":62}},"4":{"start":{"line":15,"column":4},"end":{"line":17,"column":5}},"5":{"start":{"line":16,"column":6},"end":{"line":16,"column":78}},"6":{"start":{"line":18,"column":20},"end":{"line":18,"column":65}},"7":{"start":{"line":19,"column":4},"end":{"line":21,"column":5}},"8":{"start":{"line":20,"column":6},"end":{"line":20,"column":78}},"9":{"start":{"line":22,"column":20},"end":{"line":27,"column":5}},"10":{"start":{"line":28,"column":18},"end":{"line":32,"column":5}},"11":{"start":{"line":33,"column":4},"end":{"line":33,"column":30}},"12":{"start":{"line":35,"column":4},"end":{"line":35,"column":59}},"13":{"start":{"line":43,"column":27},"end":{"line":52,"column":1}},"14":{"start":{"line":44,"column":2},"end":{"line":51,"column":3}},"15":{"start":{"line":45,"column":18},"end":{"line":47,"column":6}},"16":{"start":{"line":48,"column":4},"end":{"line":48,"column":26}},"17":{"start":{"line":50,"column":4},"end":{"line":50,"column":59}},"18":{"start":{"line":58,"column":23},"end":{"line":71,"column":1}},"19":{"start":{"line":59,"column":2},"end":{"line":70,"column":3}},"20":{"start":{"line":60,"column":17},"end":{"line":63,"column":6}},"21":{"start":{"line":64,"column":4},"end":{"line":66,"column":5}},"22":{"start":{"line":65,"column":6},"end":{"line":65,"column":65}},"23":{"start":{"line":67,"column":4},"end":{"line":67,"column":25}},"24":{"start":{"line":69,"column":4},"end":{"line":69,"column":59}},"25":{"start":{"line":78,"column":26},"end":{"line":100,"column":1}},"26":{"start":{"line":79,"column":2},"end":{"line":99,"column":3}},"27":{"start":{"line":80,"column":38},"end":{"line":80,"column":46}},"28":{"start":{"line":81,"column":4},"end":{"line":83,"column":5}},"29":{"start":{"line":82,"column":6},"end":{"line":82,"column":88}},"30":{"start":{"line":84,"column":21},"end":{"line":84,"column":66}},"31":{"start":{"line":85,"column":4},"end":{"line":87,"column":5}},"32":{"start":{"line":86,"column":6},"end":{"line":86,"column":75}},"33":{"start":{"line":88,"column":27},"end":{"line":88,"column":58}},"34":{"start":{"line":89,"column":20},"end":{"line":94,"column":6}},"35":{"start":{"line":95,"column":41},"end":{"line":95,"column":69}},"36":{"start":{"line":96,"column":4},"end":{"line":96,"column":41}},"37":{"start":{"line":98,"column":4},"end":{"line":98,"column":59}},"38":{"start":{"line":108,"column":26},"end":{"line":147,"column":1}},"39":{"start":{"line":109,"column":17},"end":{"line":109,"column":27}},"40":{"start":{"line":110,"column":62},"end":{"line":110,"column":70}},"41":{"start":{"line":112,"column":2},"end":{"line":112,"column":87}},"42":{"start":{"line":113,"column":2},"end":{"line":146,"column":3}},"43":{"start":{"line":115,"column":17},"end":{"line":115,"column":68}},"44":{"start":{"line":116,"column":4},"end":{"line":118,"column":5}},"45":{"start":{"line":117,"column":6},"end":{"line":117,"column":65}},"46":{"start":{"line":121,"column":4},"end":{"line":134,"column":5}},"47":{"start":{"line":122,"column":6},"end":{"line":124,"column":7}},"48":{"start":{"line":123,"column":8},"end":{"line":123,"column":93}},"49":{"start":{"line":125,"column":20},"end":{"line":125,"column":68}},"50":{"start":{"line":126,"column":6},"end":{"line":128,"column":7}},"51":{"start":{"line":127,"column":8},"end":{"line":127,"column":82}},"52":{"start":{"line":129,"column":6},"end":{"line":129,"column":56}},"53":{"start":{"line":132,"column":9},"end":{"line":134,"column":5}},"54":{"start":{"line":133,"column":6},"end":{"line":133,"column":53}},"55":{"start":{"line":137,"column":4},"end":{"line":137,"column":32}},"56":{"start":{"line":137,"column":15},"end":{"line":137,"column":32}},"57":{"start":{"line":138,"column":4},"end":{"line":138,"column":33}},"58":{"start":{"line":138,"column":15},"end":{"line":138,"column":33}},"59":{"start":{"line":140,"column":4},"end":{"line":140,"column":21}},"60":{"start":{"line":141,"column":4},"end":{"line":141,"column":40}},"61":{"start":{"line":142,"column":4},"end":{"line":142,"column":62}},"62":{"start":{"line":144,"column":4},"end":{"line":144,"column":48}},"63":{"start":{"line":145,"column":4},"end":{"line":145,"column":59}},"64":{"start":{"line":153,"column":26},"end":{"line":166,"column":1}},"65":{"start":{"line":154,"column":17},"end":{"line":154,"column":27}},"66":{"start":{"line":155,"column":2},"end":{"line":155,"column":68}},"67":{"start":{"line":156,"column":2},"end":{"line":165,"column":3}},"68":{"start":{"line":157,"column":17},"end":{"line":157,"column":68}},"69":{"start":{"line":158,"column":4},"end":{"line":160,"column":5}},"70":{"start":{"line":159,"column":6},"end":{"line":159,"column":65}},"71":{"start":{"line":161,"column":4},"end":{"line":161,"column":55}},"72":{"start":{"line":162,"column":4},"end":{"line":162,"column":62}},"73":{"start":{"line":164,"column":4},"end":{"line":164,"column":59}},"74":{"start":{"line":172,"column":27},"end":{"line":175,"column":1}},"75":{"start":{"line":173,"column":2},"end":{"line":173,"column":34}},"76":{"start":{"line":174,"column":2},"end":{"line":174,"column":32}},"77":{"start":{"line":181,"column":30},"end":{"line":184,"column":1}},"78":{"start":{"line":182,"column":2},"end":{"line":182,"column":34}},"79":{"start":{"line":183,"column":2},"end":{"line":183,"column":35}},"80":{"start":{"line":190,"column":30},"end":{"line":193,"column":1}},"81":{"start":{"line":191,"column":2},"end":{"line":191,"column":34}},"82":{"start":{"line":192,"column":2},"end":{"line":192,"column":35}}},"fnMap":{"0":{"name":"(anonymous_0)","decl":{"start":{"line":11,"column":25},"end":{"line":11,"column":26}},"loc":{"start":{"line":11,"column":45},"end":{"line":37,"column":1}},"line":11},"1":{"name":"(anonymous_1)","decl":{"start":{"line":43,"column":27},"end":{"line":43,"column":28}},"loc":{"start":{"line":43,"column":47},"end":{"line":52,"column":1}},"line":43},"2":{"name":"(anonymous_2)","decl":{"start":{"line":58,"column":23},"end":{"line":58,"column":24}},"loc":{"start":{"line":58,"column":43},"end":{"line":71,"column":1}},"line":58},"3":{"name":"(anonymous_3)","decl":{"start":{"line":78,"column":26},"end":{"line":78,"column":27}},"loc":{"start":{"line":78,"column":46},"end":{"line":100,"column":1}},"line":78},"4":{"name":"(anonymous_4)","decl":{"start":{"line":108,"column":26},"end":{"line":108,"column":27}},"loc":{"start":{"line":108,"column":46},"end":{"line":147,"column":1}},"line":108},"5":{"name":"(anonymous_5)","decl":{"start":{"line":153,"column":26},"end":{"line":153,"column":27}},"loc":{"start":{"line":153,"column":46},"end":{"line":166,"column":1}},"line":153},"6":{"name":"(anonymous_6)","decl":{"start":{"line":172,"column":27},"end":{"line":172,"column":28}},"loc":{"start":{"line":172,"column":47},"end":{"line":175,"column":1}},"line":172},"7":{"name":"(anonymous_7)","decl":{"start":{"line":181,"column":30},"end":{"line":181,"column":31}},"loc":{"start":{"line":181,"column":50},"end":{"line":184,"column":1}},"line":181},"8":{"name":"(anonymous_8)","decl":{"start":{"line":190,"column":30},"end":{"line":190,"column":31}},"loc":{"start":{"line":190,"column":50},"end":{"line":193,"column":1}},"line":190}},"branchMap":{"0":{"loc":{"start":{"line":15,"column":4},"end":{"line":17,"column":5}},"type":"if","locations":[{"start":{"line":15,"column":4},"end":{"line":17,"column":5}},{"start":{},"end":{}}],"line":15},"1":{"loc":{"start":{"line":19,"column":4},"end":{"line":21,"column":5}},"type":"if","locations":[{"start":{"line":19,"column":4},"end":{"line":21,"column":5}},{"start":{},"end":{}}],"line":19},"2":{"loc":{"start":{"line":30,"column":6},"end":{"line":30,"column":47}},"type":"binary-expr","locations":[{"start":{"line":30,"column":6},"end":{"line":30,"column":28}},{"start":{"line":30,"column":32},"end":{"line":30,"column":47}}],"line":30},"3":{"loc":{"start":{"line":64,"column":4},"end":{"line":66,"column":5}},"type":"if","locations":[{"start":{"line":64,"column":4},"end":{"line":66,"column":5}},{"start":{},"end":{}}],"line":64},"4":{"loc":{"start":{"line":81,"column":4},"end":{"line":83,"column":5}},"type":"if","locations":[{"start":{"line":81,"column":4},"end":{"line":83,"column":5}},{"start":{},"end":{}}],"line":81},"5":{"loc":{"start":{"line":81,"column":8},"end":{"line":81,"column":36}},"type":"binary-expr","locations":[{"start":{"line":81,"column":8},"end":{"line":81,"column":13}},{"start":{"line":81,"column":17},"end":{"line":81,"column":23}},{"start":{"line":81,"column":27},"end":{"line":81,"column":36}}],"line":81},"6":{"loc":{"start":{"line":85,"column":4},"end":{"line":87,"column":5}},"type":"if","locations":[{"start":{"line":85,"column":4},"end":{"line":87,"column":5}},{"start":{},"end":{}}],"line":85},"7":{"loc":{"start":{"line":116,"column":4},"end":{"line":118,"column":5}},"type":"if","locations":[{"start":{"line":116,"column":4},"end":{"line":118,"column":5}},{"start":{},"end":{}}],"line":116},"8":{"loc":{"start":{"line":121,"column":4},"end":{"line":134,"column":5}},"type":"if","locations":[{"start":{"line":121,"column":4},"end":{"line":134,"column":5}},{"start":{"line":132,"column":9},"end":{"line":134,"column":5}}],"line":121},"9":{"loc":{"start":{"line":121,"column":8},"end":{"line":121,"column":34}},"type":"binary-expr","locations":[{"start":{"line":121,"column":8},"end":{"line":121,"column":19}},{"start":{"line":121,"column":23},"end":{"line":121,"column":34}}],"line":121},"10":{"loc":{"start":{"line":122,"column":6},"end":{"line":124,"column":7}},"type":"if","locations":[{"start":{"line":122,"column":6},"end":{"line":124,"column":7}},{"start":{},"end":{}}],"line":122},"11":{"loc":{"start":{"line":122,"column":10},"end":{"line":122,"column":38}},"type":"binary-expr","locations":[{"start":{"line":122,"column":10},"end":{"line":122,"column":22}},{"start":{"line":122,"column":26},"end":{"line":122,"column":38}}],"line":122},"12":{"loc":{"start":{"line":126,"column":6},"end":{"line":128,"column":7}},"type":"if","locations":[{"start":{"line":126,"column":6},"end":{"line":128,"column":7}},{"start":{},"end":{}}],"line":126},"13":{"loc":{"start":{"line":132,"column":9},"end":{"line":134,"column":5}},"type":"if","locations":[{"start":{"line":132,"column":9},"end":{"line":134,"column":5}},{"start":{},"end":{}}],"line":132},"14":{"loc":{"start":{"line":137,"column":4},"end":{"line":137,"column":32}},"type":"if","locations":[{"start":{"line":137,"column":4},"end":{"line":137,"column":32}},{"start":{},"end":{}}],"line":137},"15":{"loc":{"start":{"line":138,"column":4},"end":{"line":138,"column":33}},"type":"if","locations":[{"start":{"line":138,"column":4},"end":{"line":138,"column":33}},{"start":{},"end":{}}],"line":138},"16":{"loc":{"start":{"line":158,"column":4},"end":{"line":160,"column":5}},"type":"if","locations":[{"start":{"line":158,"column":4},"end":{"line":160,"column":5}},{"start":{},"end":{}}],"line":158}},"s":{"0":1,"1":0,"2":0,"3":0,"4":0,"5":0,"6":0,"7":0,"8":0,"9":0,"10":0,"11":0,"12":0,"13":1,"14":0,"15":0,"16":0,"17":0,"18":1,"19":3,"20":3,"21":2,"22":1,"23":1,"24":1,"25":1,"26":3,"27":3,"28":3,"29":1,"30":2,"31":2,"32":1,"33":1,"34":1,"35":1,"36":1,"37":0,"38":1,"39":3,"40":3,"41":3,"42":3,"43":3,"44":3,"45":1,"46":2,"47":0,"48":0,"49":0,"50":0,"51":0,"52":0,"53":2,"54":0,"55":2,"56":0,"57":2,"58":2,"59":2,"60":1,"61":1,"62":1,"63":1,"64":1,"65":3,"66":3,"67":3,"68":3,"69":2,"70":1,"71":1,"72":1,"73":1,"74":1,"75":0,"76":0,"77":1,"78":0,"79":0,"80":1,"81":0,"82":0},"f":{"0":0,"1":0,"2":3,"3":3,"4":3,"5":3,"6":0,"7":0,"8":0},"b":{"0":[0,0],"1":[0,0],"2":[0,0],"3":[1,1],"4":[1,2],"5":[3,2,2],"6":[1,1],"7":[1,2],"8":[0,2],"9":[2,2],"10":[0,0],"11":[0,0],"12":[0,0],"13":[0,2],"14":[0,2],"15":[2,0],"16":[1,1]},"_coverageSchema":"1a1c01bbd47fc00a2c39e90264f33305004495a9","hash":"a86fa24861e235bfd6ef89d6297443dafaf7351a"}
,"C:\\Users\\DAW\\Desktop\\ReadEase\\ReadEase-Back\\database\\db.js": {"path":"C:\\Users\\DAW\\Desktop\\ReadEase\\ReadEase-Back\\database\\db.js","statementMap":{"0":{"start":{"line":3,"column":11},"end":{"line":9,"column":2}}},"fnMap":{},"branchMap":{},"s":{"0":2},"f":{},"b":{},"_coverageSchema":"1a1c01bbd47fc00a2c39e90264f33305004495a9","hash":"c76954617187c1e16c64f1c47b7b05aeff183ba9"}
,"C:\\Users\\DAW\\Desktop\\ReadEase\\ReadEase-Back\\models\\BookModel.js": {"path":"C:\\Users\\DAW\\Desktop\\ReadEase\\ReadEase-Back\\models\\BookModel.js","statementMap":{"0":{"start":{"line":5,"column":18},"end":{"line":34,"column":1}}},"fnMap":{},"branchMap":{},"s":{"0":1},"f":{},"b":{},"_coverageSchema":"1a1c01bbd47fc00a2c39e90264f33305004495a9","hash":"d6362466fa8133f8fa8a3f559b04ebee817be2ec"}
,"C:\\Users\\DAW\\Desktop\\ReadEase\\ReadEase-Back\\models\\UserModel.js": {"path":"C:\\Users\\DAW\\Desktop\\ReadEase\\ReadEase-Back\\models\\UserModel.js","statementMap":{"0":{"start":{"line":9,"column":18},"end":{"line":20,"column":2}}},"fnMap":{},"branchMap":{},"s":{"0":1},"f":{},"b":{},"_coverageSchema":"1a1c01bbd47fc00a2c39e90264f33305004495a9","hash":"454aff0d0d8335856ed51758b96d9a0468a715d6"}
}
