{"C:\\Users\\DAW\\Desktop\\ReadEase\\ReadEase-Back\\admin.js": {"path":"C:\\Users\\DAW\\Desktop\\ReadEase\\ReadEase-Back\\admin.js","statementMap":{"0":{"start":{"line":3,"column":0},"end":{"line":3,"column":15}},"1":{"start":{"line":14,"column":0},"end":{"line":14,"column":41}},"2":{"start":{"line":17,"column":16},"end":{"line":68,"column":2}},"3":{"start":{"line":44,"column":14},"end":{"line":46,"column":15}},"4":{"start":{"line":45,"column":16},"end":{"line":45,"column":90}},"5":{"start":{"line":47,"column":14},"end":{"line":47,"column":28}},"6":{"start":{"line":52,"column":14},"end":{"line":54,"column":15}},"7":{"start":{"line":53,"column":16},"end":{"line":53,"column":90}},"8":{"start":{"line":55,"column":14},"end":{"line":55,"column":28}},"9":{"start":{"line":72,"column":19},"end":{"line":72,"column":69}},"10":{"start":{"line":73,"column":19},"end":{"line":73,"column":62}},"11":{"start":{"line":74,"column":19},"end":{"line":74,"column":26}},"12":{"start":{"line":76,"column":27},"end":{"line":83,"column":4}},"13":{"start":{"line":84,"column":2},"end":{"line":86,"column":3}},"14":{"start":{"line":85,"column":4},"end":{"line":85,"column":60}},"15":{"start":{"line":89,"column":0},"end":{"line":89,"column":23}},"16":{"start":{"line":92,"column":15},"end":{"line":112,"column":1}},"17":{"start":{"line":96,"column":19},"end":{"line":98,"column":8}},"18":{"start":{"line":99,"column":6},"end":{"line":101,"column":7}},"19":{"start":{"line":100,"column":8},"end":{"line":100,"column":19}},"20":{"start":{"line":102,"column":6},"end":{"line":102,"column":17}}},"fnMap":{"0":{"name":"(anonymous_0)","decl":{"start":{"line":43,"column":20},"end":{"line":43,"column":21}},"loc":{"start":{"line":43,"column":39},"end":{"line":48,"column":13}},"line":43},"1":{"name":"(anonymous_1)","decl":{"start":{"line":51,"column":20},"end":{"line":51,"column":21}},"loc":{"start":{"line":51,"column":39},"end":{"line":56,"column":13}},"line":51},"2":{"name":"ensureAdminUser","decl":{"start":{"line":71,"column":15},"end":{"line":71,"column":30}},"loc":{"start":{"line":71,"column":33},"end":{"line":87,"column":1}},"line":71},"3":{"name":"(anonymous_3)","decl":{"start":{"line":95,"column":18},"end":{"line":95,"column":19}},"loc":{"start":{"line":95,"column":45},"end":{"line":103,"column":5}},"line":95}},"branchMap":{"0":{"loc":{"start":{"line":44,"column":14},"end":{"line":46,"column":15}},"type":"if","locations":[{"start":{"line":44,"column":14},"end":{"line":46,"column":15}},{"start":{},"end":{}}],"line":44},"1":{"loc":{"start":{"line":52,"column":14},"end":{"line":54,"column":15}},"type":"if","locations":[{"start":{"line":52,"column":14},"end":{"line":54,"column":15}},{"start":{},"end":{}}],"line":52},"2":{"loc":{"start":{"line":72,"column":19},"end":{"line":72,"column":69}},"type":"binary-expr","locations":[{"start":{"line":72,"column":19},"end":{"line":72,"column":42}},{"start":{"line":72,"column":49},"end":{"line":72,"column":69}}],"line":72},"3":{"loc":{"start":{"line":73,"column":19},"end":{"line":73,"column":62}},"type":"binary-expr","locations":[{"start":{"line":73,"column":19},"end":{"line":73,"column":45}},{"start":{"line":73,"column":49},"end":{"line":73,"column":62}}],"line":73},"4":{"loc":{"start":{"line":84,"column":2},"end":{"line":86,"column":3}},"type":"if","locations":[{"start":{"line":84,"column":2},"end":{"line":86,"column":3}},{"start":{},"end":{}}],"line":84},"5":{"loc":{"start":{"line":99,"column":6},"end":{"line":101,"column":7}},"type":"if","locations":[{"start":{"line":99,"column":6},"end":{"line":101,"column":7}},{"start":{},"end":{}}],"line":99},"6":{"loc":{"start":{"line":99,"column":10},"end":{"line":99,"column":63}},"type":"binary-expr","locations":[{"start":{"line":99,"column":10},"end":{"line":99,"column":14}},{"start":{"line":99,"column":18},"end":{"line":99,"column":63}}],"line":99},"7":{"loc":{"start":{"line":105,"column":20},"end":{"line":105,"column":67}},"type":"binary-expr","locations":[{"start":{"line":105,"column":20},"end":{"line":105,"column":45}},{"start":{"line":105,"column":49},"end":{"line":105,"column":67}}],"line":105}},"s":{"0":4,"1":4,"2":4,"3":0,"4":0,"5":0,"6":0,"7":0,"8":0,"9":4,"10":4,"11":4,"12":4,"13":4,"14":0,"15":4,"16":4,"17":0,"18":0,"19":0,"20":0},"f":{"0":0,"1":0,"2":4,"3":0},"b":{"0":[0,0],"1":[0,0],"2":[4,0],"3":[4,0],"4":[0,4],"5":[0,0],"6":[0,0],"7":[4,0]},"inputSourceMap":null,"_coverageSchema":"1a1c01bbd47fc00a2c39e90264f33305004495a9","hash":"dcdd36bcc03c77a6e918deb2f2fa3d30b14fbe33"}
,"C:\\Users\\DAW\\Desktop\\ReadEase\\ReadEase-Back\\app.js": {"path":"C:\\Users\\DAW\\Desktop\\ReadEase\\ReadEase-Back\\app.js","statementMap":{"0":{"start":{"line":2,"column":0},"end":{"line":2,"column":15}},"1":{"start":{"line":14,"column":12},"end":{"line":14,"column":21}},"2":{"start":{"line":16,"column":0},"end":{"line":16,"column":15}},"3":{"start":{"line":17,"column":0},"end":{"line":17,"column":23}},"4":{"start":{"line":19,"column":0},"end":{"line":19,"column":32}},"5":{"start":{"line":22,"column":15},"end":{"line":22,"column":64}},"6":{"start":{"line":25,"column":0},"end":{"line":25,"column":46}},"7":{"start":{"line":29,"column":0},"end":{"line":29,"column":59}},"8":{"start":{"line":32,"column":0},"end":{"line":32,"column":23}},"9":{"start":{"line":34,"column":0},"end":{"line":39,"column":1}},"10":{"start":{"line":35,"column":2},"end":{"line":35,"column":25}},"11":{"start":{"line":36,"column":2},"end":{"line":36,"column":38}},"12":{"start":{"line":38,"column":2},"end":{"line":38,"column":20}},"13":{"start":{"line":41,"column":13},"end":{"line":41,"column":37}},"14":{"start":{"line":42,"column":0},"end":{"line":45,"column":2}},"15":{"start":{"line":43,"column":2},"end":{"line":43,"column":55}},"16":{"start":{"line":44,"column":2},"end":{"line":44,"column":82}}},"fnMap":{"0":{"name":"(anonymous_0)","decl":{"start":{"line":42,"column":17},"end":{"line":42,"column":18}},"loc":{"start":{"line":42,"column":23},"end":{"line":45,"column":1}},"line":42}},"branchMap":{"0":{"loc":{"start":{"line":41,"column":13},"end":{"line":41,"column":37}},"type":"binary-expr","locations":[{"start":{"line":41,"column":13},"end":{"line":41,"column":29}},{"start":{"line":41,"column":33},"end":{"line":41,"column":37}}],"line":41}},"s":{"0":4,"1":4,"2":4,"3":4,"4":4,"5":4,"6":4,"7":4,"8":4,"9":4,"10":4,"11":4,"12":0,"13":4,"14":4,"15":4,"16":4},"f":{"0":4},"b":{"0":[4,4]},"inputSourceMap":null,"_coverageSchema":"1a1c01bbd47fc00a2c39e90264f33305004495a9","hash":"ddff07a5ef240f9b119be090f90695d9b5e44b6e"}
,"C:\\Users\\DAW\\Desktop\\ReadEase\\ReadEase-Back\\controllers\\BookController.js": {"path":"C:\\Users\\DAW\\Desktop\\ReadEase\\ReadEase-Back\\controllers\\BookController.js","statementMap":{"0":{"start":{"line":3,"column":27},"end":{"line":10,"column":1}},"1":{"start":{"line":4,"column":4},"end":{"line":9,"column":5}},"2":{"start":{"line":5,"column":22},"end":{"line":5,"column":47}},"3":{"start":{"line":6,"column":8},"end":{"line":6,"column":23}},"4":{"start":{"line":8,"column":8},"end":{"line":8,"column":44}},"5":{"start":{"line":12,"column":23},"end":{"line":19,"column":1}},"6":{"start":{"line":13,"column":4},"end":{"line":18,"column":5}},"7":{"start":{"line":14,"column":21},"end":{"line":14,"column":78}},"8":{"start":{"line":15,"column":8},"end":{"line":15,"column":22}},"9":{"start":{"line":17,"column":8},"end":{"line":17,"column":44}},"10":{"start":{"line":21,"column":26},"end":{"line":28,"column":1}},"11":{"start":{"line":22,"column":4},"end":{"line":27,"column":5}},"12":{"start":{"line":23,"column":8},"end":{"line":23,"column":40}},"13":{"start":{"line":24,"column":8},"end":{"line":24,"column":59}},"14":{"start":{"line":26,"column":8},"end":{"line":26,"column":44}},"15":{"start":{"line":30,"column":26},"end":{"line":37,"column":1}},"16":{"start":{"line":31,"column":4},"end":{"line":36,"column":5}},"17":{"start":{"line":32,"column":8},"end":{"line":32,"column":74}},"18":{"start":{"line":33,"column":8},"end":{"line":33,"column":59}},"19":{"start":{"line":35,"column":8},"end":{"line":35,"column":44}},"20":{"start":{"line":39,"column":26},"end":{"line":46,"column":1}},"21":{"start":{"line":40,"column":4},"end":{"line":45,"column":5}},"22":{"start":{"line":41,"column":8},"end":{"line":41,"column":65}},"23":{"start":{"line":42,"column":8},"end":{"line":42,"column":59}},"24":{"start":{"line":44,"column":8},"end":{"line":44,"column":44}}},"fnMap":{"0":{"name":"(anonymous_0)","decl":{"start":{"line":3,"column":27},"end":{"line":3,"column":28}},"loc":{"start":{"line":3,"column":47},"end":{"line":10,"column":1}},"line":3},"1":{"name":"(anonymous_1)","decl":{"start":{"line":12,"column":23},"end":{"line":12,"column":24}},"loc":{"start":{"line":12,"column":43},"end":{"line":19,"column":1}},"line":12},"2":{"name":"(anonymous_2)","decl":{"start":{"line":21,"column":26},"end":{"line":21,"column":27}},"loc":{"start":{"line":21,"column":46},"end":{"line":28,"column":1}},"line":21},"3":{"name":"(anonymous_3)","decl":{"start":{"line":30,"column":26},"end":{"line":30,"column":27}},"loc":{"start":{"line":30,"column":46},"end":{"line":37,"column":1}},"line":30},"4":{"name":"(anonymous_4)","decl":{"start":{"line":39,"column":26},"end":{"line":39,"column":27}},"loc":{"start":{"line":39,"column":46},"end":{"line":46,"column":1}},"line":39}},"branchMap":{},"s":{"0":4,"1":0,"2":0,"3":0,"4":0,"5":4,"6":0,"7":0,"8":0,"9":0,"10":4,"11":0,"12":0,"13":0,"14":0,"15":4,"16":0,"17":0,"18":0,"19":0,"20":4,"21":0,"22":0,"23":0,"24":0},"f":{"0":0,"1":0,"2":0,"3":0,"4":0},"b":{},"inputSourceMap":null,"_coverageSchema":"1a1c01bbd47fc00a2c39e90264f33305004495a9","hash":"c1795cb7560f0ed40cb588536117ffc8220dbe35"}
,"C:\\Users\\DAW\\Desktop\\ReadEase\\ReadEase-Back\\controllers\\CartController.js": {"path":"C:\\Users\\DAW\\Desktop\\ReadEase\\ReadEase-Back\\controllers\\CartController.js","statementMap":{"0":{"start":{"line":3,"column":27},"end":{"line":10,"column":1}},"1":{"start":{"line":4,"column":4},"end":{"line":9,"column":5}},"2":{"start":{"line":5,"column":22},"end":{"line":5,"column":47}},"3":{"start":{"line":6,"column":8},"end":{"line":6,"column":23}},"4":{"start":{"line":8,"column":8},"end":{"line":8,"column":44}},"5":{"start":{"line":12,"column":23},"end":{"line":19,"column":1}},"6":{"start":{"line":13,"column":4},"end":{"line":18,"column":5}},"7":{"start":{"line":14,"column":21},"end":{"line":14,"column":78}},"8":{"start":{"line":15,"column":8},"end":{"line":15,"column":22}},"9":{"start":{"line":17,"column":8},"end":{"line":17,"column":44}},"10":{"start":{"line":21,"column":26},"end":{"line":28,"column":1}},"11":{"start":{"line":22,"column":4},"end":{"line":27,"column":5}},"12":{"start":{"line":23,"column":8},"end":{"line":23,"column":40}},"13":{"start":{"line":24,"column":8},"end":{"line":24,"column":59}},"14":{"start":{"line":26,"column":8},"end":{"line":26,"column":44}},"15":{"start":{"line":30,"column":26},"end":{"line":37,"column":1}},"16":{"start":{"line":31,"column":4},"end":{"line":36,"column":5}},"17":{"start":{"line":32,"column":8},"end":{"line":32,"column":74}},"18":{"start":{"line":33,"column":8},"end":{"line":33,"column":59}},"19":{"start":{"line":35,"column":8},"end":{"line":35,"column":44}},"20":{"start":{"line":39,"column":26},"end":{"line":46,"column":1}},"21":{"start":{"line":40,"column":4},"end":{"line":45,"column":5}},"22":{"start":{"line":41,"column":8},"end":{"line":41,"column":65}},"23":{"start":{"line":42,"column":8},"end":{"line":42,"column":59}},"24":{"start":{"line":44,"column":8},"end":{"line":44,"column":44}}},"fnMap":{"0":{"name":"(anonymous_0)","decl":{"start":{"line":3,"column":27},"end":{"line":3,"column":28}},"loc":{"start":{"line":3,"column":47},"end":{"line":10,"column":1}},"line":3},"1":{"name":"(anonymous_1)","decl":{"start":{"line":12,"column":23},"end":{"line":12,"column":24}},"loc":{"start":{"line":12,"column":43},"end":{"line":19,"column":1}},"line":12},"2":{"name":"(anonymous_2)","decl":{"start":{"line":21,"column":26},"end":{"line":21,"column":27}},"loc":{"start":{"line":21,"column":46},"end":{"line":28,"column":1}},"line":21},"3":{"name":"(anonymous_3)","decl":{"start":{"line":30,"column":26},"end":{"line":30,"column":27}},"loc":{"start":{"line":30,"column":46},"end":{"line":37,"column":1}},"line":30},"4":{"name":"(anonymous_4)","decl":{"start":{"line":39,"column":26},"end":{"line":39,"column":27}},"loc":{"start":{"line":39,"column":46},"end":{"line":46,"column":1}},"line":39}},"branchMap":{},"s":{"0":4,"1":0,"2":0,"3":0,"4":0,"5":4,"6":0,"7":0,"8":0,"9":0,"10":4,"11":0,"12":0,"13":0,"14":0,"15":4,"16":0,"17":0,"18":0,"19":0,"20":4,"21":0,"22":0,"23":0,"24":0},"f":{"0":0,"1":0,"2":0,"3":0,"4":0},"b":{},"inputSourceMap":null,"_coverageSchema":"1a1c01bbd47fc00a2c39e90264f33305004495a9","hash":"b30dd798681ffbf78145ed29d7d8b0faf8fc12dd"}
,"C:\\Users\\DAW\\Desktop\\ReadEase\\ReadEase-Back\\controllers\\CartItemController.js": {"path":"C:\\Users\\DAW\\Desktop\\ReadEase\\ReadEase-Back\\controllers\\CartItemController.js","statementMap":{"0":{"start":{"line":3,"column":31},"end":{"line":10,"column":1}},"1":{"start":{"line":4,"column":4},"end":{"line":9,"column":5}},"2":{"start":{"line":5,"column":22},"end":{"line":5,"column":51}},"3":{"start":{"line":6,"column":8},"end":{"line":6,"column":23}},"4":{"start":{"line":8,"column":8},"end":{"line":8,"column":44}},"5":{"start":{"line":12,"column":27},"end":{"line":19,"column":1}},"6":{"start":{"line":13,"column":4},"end":{"line":18,"column":5}},"7":{"start":{"line":14,"column":21},"end":{"line":14,"column":82}},"8":{"start":{"line":15,"column":8},"end":{"line":15,"column":22}},"9":{"start":{"line":17,"column":8},"end":{"line":17,"column":44}},"10":{"start":{"line":21,"column":30},"end":{"line":28,"column":1}},"11":{"start":{"line":22,"column":4},"end":{"line":27,"column":5}},"12":{"start":{"line":23,"column":8},"end":{"line":23,"column":44}},"13":{"start":{"line":24,"column":8},"end":{"line":24,"column":65}},"14":{"start":{"line":26,"column":8},"end":{"line":26,"column":44}},"15":{"start":{"line":30,"column":30},"end":{"line":37,"column":1}},"16":{"start":{"line":31,"column":4},"end":{"line":36,"column":5}},"17":{"start":{"line":32,"column":8},"end":{"line":32,"column":78}},"18":{"start":{"line":33,"column":8},"end":{"line":33,"column":64}},"19":{"start":{"line":35,"column":8},"end":{"line":35,"column":44}},"20":{"start":{"line":39,"column":30},"end":{"line":46,"column":1}},"21":{"start":{"line":40,"column":4},"end":{"line":45,"column":5}},"22":{"start":{"line":41,"column":8},"end":{"line":41,"column":69}},"23":{"start":{"line":42,"column":8},"end":{"line":42,"column":64}},"24":{"start":{"line":44,"column":8},"end":{"line":44,"column":44}}},"fnMap":{"0":{"name":"(anonymous_0)","decl":{"start":{"line":3,"column":31},"end":{"line":3,"column":32}},"loc":{"start":{"line":3,"column":51},"end":{"line":10,"column":1}},"line":3},"1":{"name":"(anonymous_1)","decl":{"start":{"line":12,"column":27},"end":{"line":12,"column":28}},"loc":{"start":{"line":12,"column":47},"end":{"line":19,"column":1}},"line":12},"2":{"name":"(anonymous_2)","decl":{"start":{"line":21,"column":30},"end":{"line":21,"column":31}},"loc":{"start":{"line":21,"column":50},"end":{"line":28,"column":1}},"line":21},"3":{"name":"(anonymous_3)","decl":{"start":{"line":30,"column":30},"end":{"line":30,"column":31}},"loc":{"start":{"line":30,"column":50},"end":{"line":37,"column":1}},"line":30},"4":{"name":"(anonymous_4)","decl":{"start":{"line":39,"column":30},"end":{"line":39,"column":31}},"loc":{"start":{"line":39,"column":50},"end":{"line":46,"column":1}},"line":39}},"branchMap":{},"s":{"0":4,"1":0,"2":0,"3":0,"4":0,"5":4,"6":0,"7":0,"8":0,"9":0,"10":4,"11":0,"12":0,"13":0,"14":0,"15":4,"16":0,"17":0,"18":0,"19":0,"20":4,"21":0,"22":0,"23":0,"24":0},"f":{"0":0,"1":0,"2":0,"3":0,"4":0},"b":{},"inputSourceMap":null,"_coverageSchema":"1a1c01bbd47fc00a2c39e90264f33305004495a9","hash":"82ff89a4a3b443e8c23b0c1ddf6bed7c87b1bb42"}
,"C:\\Users\\DAW\\Desktop\\ReadEase\\ReadEase-Back\\controllers\\OrderController.js": {"path":"C:\\Users\\DAW\\Desktop\\ReadEase\\ReadEase-Back\\controllers\\OrderController.js","statementMap":{"0":{"start":{"line":3,"column":28},"end":{"line":10,"column":1}},"1":{"start":{"line":4,"column":4},"end":{"line":9,"column":5}},"2":{"start":{"line":5,"column":23},"end":{"line":5,"column":49}},"3":{"start":{"line":6,"column":8},"end":{"line":6,"column":24}},"4":{"start":{"line":8,"column":8},"end":{"line":8,"column":44}},"5":{"start":{"line":12,"column":24},"end":{"line":19,"column":1}},"6":{"start":{"line":13,"column":4},"end":{"line":18,"column":5}},"7":{"start":{"line":14,"column":22},"end":{"line":14,"column":80}},"8":{"start":{"line":15,"column":8},"end":{"line":15,"column":23}},"9":{"start":{"line":17,"column":8},"end":{"line":17,"column":44}},"10":{"start":{"line":21,"column":27},"end":{"line":28,"column":1}},"11":{"start":{"line":22,"column":4},"end":{"line":27,"column":5}},"12":{"start":{"line":23,"column":8},"end":{"line":23,"column":41}},"13":{"start":{"line":24,"column":8},"end":{"line":24,"column":60}},"14":{"start":{"line":26,"column":8},"end":{"line":26,"column":44}},"15":{"start":{"line":30,"column":27},"end":{"line":37,"column":1}},"16":{"start":{"line":31,"column":4},"end":{"line":36,"column":5}},"17":{"start":{"line":32,"column":8},"end":{"line":32,"column":75}},"18":{"start":{"line":33,"column":8},"end":{"line":33,"column":60}},"19":{"start":{"line":35,"column":8},"end":{"line":35,"column":44}},"20":{"start":{"line":39,"column":27},"end":{"line":46,"column":1}},"21":{"start":{"line":40,"column":4},"end":{"line":45,"column":5}},"22":{"start":{"line":41,"column":8},"end":{"line":41,"column":66}},"23":{"start":{"line":42,"column":8},"end":{"line":42,"column":60}},"24":{"start":{"line":44,"column":8},"end":{"line":44,"column":44}}},"fnMap":{"0":{"name":"(anonymous_0)","decl":{"start":{"line":3,"column":28},"end":{"line":3,"column":29}},"loc":{"start":{"line":3,"column":48},"end":{"line":10,"column":1}},"line":3},"1":{"name":"(anonymous_1)","decl":{"start":{"line":12,"column":24},"end":{"line":12,"column":25}},"loc":{"start":{"line":12,"column":44},"end":{"line":19,"column":1}},"line":12},"2":{"name":"(anonymous_2)","decl":{"start":{"line":21,"column":27},"end":{"line":21,"column":28}},"loc":{"start":{"line":21,"column":47},"end":{"line":28,"column":1}},"line":21},"3":{"name":"(anonymous_3)","decl":{"start":{"line":30,"column":27},"end":{"line":30,"column":28}},"loc":{"start":{"line":30,"column":47},"end":{"line":37,"column":1}},"line":30},"4":{"name":"(anonymous_4)","decl":{"start":{"line":39,"column":27},"end":{"line":39,"column":28}},"loc":{"start":{"line":39,"column":47},"end":{"line":46,"column":1}},"line":39}},"branchMap":{},"s":{"0":4,"1":0,"2":0,"3":0,"4":0,"5":4,"6":0,"7":0,"8":0,"9":0,"10":4,"11":0,"12":0,"13":0,"14":0,"15":4,"16":0,"17":0,"18":0,"19":0,"20":4,"21":0,"22":0,"23":0,"24":0},"f":{"0":0,"1":0,"2":0,"3":0,"4":0},"b":{},"inputSourceMap":null,"_coverageSchema":"1a1c01bbd47fc00a2c39e90264f33305004495a9","hash":"7a95a98f2ec77f01646ec8f0fdd6b41ab9d19e14"}
,"C:\\Users\\DAW\\Desktop\\ReadEase\\ReadEase-Back\\controllers\\OrderItemController.js": {"path":"C:\\Users\\DAW\\Desktop\\ReadEase\\ReadEase-Back\\controllers\\OrderItemController.js","statementMap":{"0":{"start":{"line":3,"column":32},"end":{"line":10,"column":1}},"1":{"start":{"line":4,"column":4},"end":{"line":9,"column":5}},"2":{"start":{"line":5,"column":22},"end":{"line":5,"column":52}},"3":{"start":{"line":6,"column":8},"end":{"line":6,"column":23}},"4":{"start":{"line":8,"column":8},"end":{"line":8,"column":44}},"5":{"start":{"line":12,"column":28},"end":{"line":19,"column":1}},"6":{"start":{"line":13,"column":4},"end":{"line":18,"column":5}},"7":{"start":{"line":14,"column":21},"end":{"line":14,"column":83}},"8":{"start":{"line":15,"column":8},"end":{"line":15,"column":22}},"9":{"start":{"line":17,"column":8},"end":{"line":17,"column":44}},"10":{"start":{"line":21,"column":31},"end":{"line":28,"column":1}},"11":{"start":{"line":22,"column":4},"end":{"line":27,"column":5}},"12":{"start":{"line":23,"column":8},"end":{"line":23,"column":45}},"13":{"start":{"line":24,"column":8},"end":{"line":24,"column":65}},"14":{"start":{"line":26,"column":8},"end":{"line":26,"column":44}},"15":{"start":{"line":30,"column":31},"end":{"line":37,"column":1}},"16":{"start":{"line":31,"column":4},"end":{"line":36,"column":5}},"17":{"start":{"line":32,"column":8},"end":{"line":32,"column":79}},"18":{"start":{"line":33,"column":8},"end":{"line":33,"column":65}},"19":{"start":{"line":35,"column":8},"end":{"line":35,"column":44}},"20":{"start":{"line":39,"column":31},"end":{"line":46,"column":1}},"21":{"start":{"line":40,"column":4},"end":{"line":45,"column":5}},"22":{"start":{"line":41,"column":8},"end":{"line":41,"column":70}},"23":{"start":{"line":42,"column":8},"end":{"line":42,"column":65}},"24":{"start":{"line":44,"column":8},"end":{"line":44,"column":44}}},"fnMap":{"0":{"name":"(anonymous_0)","decl":{"start":{"line":3,"column":32},"end":{"line":3,"column":33}},"loc":{"start":{"line":3,"column":52},"end":{"line":10,"column":1}},"line":3},"1":{"name":"(anonymous_1)","decl":{"start":{"line":12,"column":28},"end":{"line":12,"column":29}},"loc":{"start":{"line":12,"column":48},"end":{"line":19,"column":1}},"line":12},"2":{"name":"(anonymous_2)","decl":{"start":{"line":21,"column":31},"end":{"line":21,"column":32}},"loc":{"start":{"line":21,"column":51},"end":{"line":28,"column":1}},"line":21},"3":{"name":"(anonymous_3)","decl":{"start":{"line":30,"column":31},"end":{"line":30,"column":32}},"loc":{"start":{"line":30,"column":51},"end":{"line":37,"column":1}},"line":30},"4":{"name":"(anonymous_4)","decl":{"start":{"line":39,"column":31},"end":{"line":39,"column":32}},"loc":{"start":{"line":39,"column":51},"end":{"line":46,"column":1}},"line":39}},"branchMap":{},"s":{"0":4,"1":0,"2":0,"3":0,"4":0,"5":4,"6":0,"7":0,"8":0,"9":0,"10":4,"11":0,"12":0,"13":0,"14":0,"15":4,"16":0,"17":0,"18":0,"19":0,"20":4,"21":0,"22":0,"23":0,"24":0},"f":{"0":0,"1":0,"2":0,"3":0,"4":0},"b":{},"inputSourceMap":null,"_coverageSchema":"1a1c01bbd47fc00a2c39e90264f33305004495a9","hash":"442540ca8fe7d29483eac349f6fddbf85ae7ddb7"}
,"C:\\Users\\DAW\\Desktop\\ReadEase\\ReadEase-Back\\controllers\\PdfController.js": {"path":"C:\\Users\\DAW\\Desktop\\ReadEase\\ReadEase-Back\\controllers\\PdfController.js","statementMap":{"0":{"start":{"line":5,"column":27},"end":{"line":22,"column":1}},"1":{"start":{"line":6,"column":2},"end":{"line":21,"column":3}},"2":{"start":{"line":7,"column":19},"end":{"line":7,"column":29}},"3":{"start":{"line":8,"column":17},"end":{"line":8,"column":45}},"4":{"start":{"line":9,"column":4},"end":{"line":9,"column":81}},"5":{"start":{"line":9,"column":23},"end":{"line":9,"column":81}},"6":{"start":{"line":10,"column":4},"end":{"line":10,"column":82}},"7":{"start":{"line":10,"column":23},"end":{"line":10,"column":82}},"8":{"start":{"line":13,"column":21},"end":{"line":13,"column":83}},"9":{"start":{"line":15,"column":17},"end":{"line":15,"column":46}},"10":{"start":{"line":17,"column":4},"end":{"line":17,"column":33}},"11":{"start":{"line":19,"column":4},"end":{"line":19,"column":24}},"12":{"start":{"line":20,"column":4},"end":{"line":20,"column":52}}},"fnMap":{"0":{"name":"(anonymous_0)","decl":{"start":{"line":5,"column":27},"end":{"line":5,"column":28}},"loc":{"start":{"line":5,"column":47},"end":{"line":22,"column":1}},"line":5}},"branchMap":{"0":{"loc":{"start":{"line":9,"column":4},"end":{"line":9,"column":81}},"type":"if","locations":[{"start":{"line":9,"column":4},"end":{"line":9,"column":81}},{"start":{},"end":{}}],"line":9},"1":{"loc":{"start":{"line":10,"column":4},"end":{"line":10,"column":82}},"type":"if","locations":[{"start":{"line":10,"column":4},"end":{"line":10,"column":82}},{"start":{},"end":{}}],"line":10}},"s":{"0":4,"1":0,"2":0,"3":0,"4":0,"5":0,"6":0,"7":0,"8":0,"9":0,"10":0,"11":0,"12":0},"f":{"0":0},"b":{"0":[0,0],"1":[0,0]},"inputSourceMap":null,"_coverageSchema":"1a1c01bbd47fc00a2c39e90264f33305004495a9","hash":"f01d857e6e6522f664ee9a89f9f7beb392bc0690"}
,"C:\\Users\\DAW\\Desktop\\ReadEase\\ReadEase-Back\\controllers\\UserBookController.js": {"path":"C:\\Users\\DAW\\Desktop\\ReadEase\\ReadEase-Back\\controllers\\UserBookController.js","statementMap":{"0":{"start":{"line":3,"column":31},"end":{"line":10,"column":1}},"1":{"start":{"line":4,"column":4},"end":{"line":9,"column":5}},"2":{"start":{"line":5,"column":26},"end":{"line":5,"column":56}},"3":{"start":{"line":6,"column":8},"end":{"line":6,"column":27}},"4":{"start":{"line":8,"column":8},"end":{"line":8,"column":44}},"5":{"start":{"line":12,"column":27},"end":{"line":23,"column":1}},"6":{"start":{"line":13,"column":4},"end":{"line":22,"column":5}},"7":{"start":{"line":14,"column":25},"end":{"line":14,"column":126}},"8":{"start":{"line":15,"column":8},"end":{"line":19,"column":9}},"9":{"start":{"line":16,"column":12},"end":{"line":16,"column":30}},"10":{"start":{"line":18,"column":12},"end":{"line":18,"column":81}},"11":{"start":{"line":21,"column":8},"end":{"line":21,"column":44}},"12":{"start":{"line":25,"column":30},"end":{"line":32,"column":1}},"13":{"start":{"line":26,"column":4},"end":{"line":31,"column":5}},"14":{"start":{"line":27,"column":8},"end":{"line":27,"column":45}},"15":{"start":{"line":28,"column":8},"end":{"line":28,"column":77}},"16":{"start":{"line":30,"column":8},"end":{"line":30,"column":44}},"17":{"start":{"line":34,"column":30},"end":{"line":41,"column":1}},"18":{"start":{"line":35,"column":4},"end":{"line":40,"column":5}},"19":{"start":{"line":36,"column":8},"end":{"line":36,"column":118}},"20":{"start":{"line":37,"column":8},"end":{"line":37,"column":77}},"21":{"start":{"line":39,"column":8},"end":{"line":39,"column":44}},"22":{"start":{"line":43,"column":30},"end":{"line":50,"column":1}},"23":{"start":{"line":44,"column":4},"end":{"line":49,"column":5}},"24":{"start":{"line":45,"column":8},"end":{"line":45,"column":109}},"25":{"start":{"line":46,"column":8},"end":{"line":46,"column":77}},"26":{"start":{"line":48,"column":8},"end":{"line":48,"column":44}}},"fnMap":{"0":{"name":"(anonymous_0)","decl":{"start":{"line":3,"column":31},"end":{"line":3,"column":32}},"loc":{"start":{"line":3,"column":51},"end":{"line":10,"column":1}},"line":3},"1":{"name":"(anonymous_1)","decl":{"start":{"line":12,"column":27},"end":{"line":12,"column":28}},"loc":{"start":{"line":12,"column":47},"end":{"line":23,"column":1}},"line":12},"2":{"name":"(anonymous_2)","decl":{"start":{"line":25,"column":30},"end":{"line":25,"column":31}},"loc":{"start":{"line":25,"column":50},"end":{"line":32,"column":1}},"line":25},"3":{"name":"(anonymous_3)","decl":{"start":{"line":34,"column":30},"end":{"line":34,"column":31}},"loc":{"start":{"line":34,"column":50},"end":{"line":41,"column":1}},"line":34},"4":{"name":"(anonymous_4)","decl":{"start":{"line":43,"column":30},"end":{"line":43,"column":31}},"loc":{"start":{"line":43,"column":50},"end":{"line":50,"column":1}},"line":43}},"branchMap":{"0":{"loc":{"start":{"line":15,"column":8},"end":{"line":19,"column":9}},"type":"if","locations":[{"start":{"line":15,"column":8},"end":{"line":19,"column":9}},{"start":{"line":17,"column":15},"end":{"line":19,"column":9}}],"line":15}},"s":{"0":4,"1":0,"2":0,"3":0,"4":0,"5":4,"6":0,"7":0,"8":0,"9":0,"10":0,"11":0,"12":4,"13":0,"14":0,"15":0,"16":0,"17":4,"18":0,"19":0,"20":0,"21":0,"22":4,"23":0,"24":0,"25":0,"26":0},"f":{"0":0,"1":0,"2":0,"3":0,"4":0},"b":{"0":[0,0]},"inputSourceMap":null,"_coverageSchema":"1a1c01bbd47fc00a2c39e90264f33305004495a9","hash":"28b40a4060e6ca8168b9035fe90f0715dae725fd"}
,"C:\\Users\\DAW\\Desktop\\ReadEase\\ReadEase-Back\\controllers\\UserController.js": {"path":"C:\\Users\\DAW\\Desktop\\ReadEase\\ReadEase-Back\\controllers\\UserController.js","statementMap":{"0":{"start":{"line":6,"column":25},"end":{"line":40,"column":1}},"1":{"start":{"line":7,"column":4},"end":{"line":39,"column":5}},"2":{"start":{"line":8,"column":36},"end":{"line":8,"column":44}},"3":{"start":{"line":11,"column":21},"end":{"line":11,"column":66}},"4":{"start":{"line":13,"column":8},"end":{"line":15,"column":9}},"5":{"start":{"line":14,"column":12},"end":{"line":14,"column":85}},"6":{"start":{"line":18,"column":24},"end":{"line":18,"column":69}},"7":{"start":{"line":20,"column":8},"end":{"line":22,"column":9}},"8":{"start":{"line":21,"column":12},"end":{"line":21,"column":85}},"9":{"start":{"line":25,"column":24},"end":{"line":30,"column":9}},"10":{"start":{"line":33,"column":22},"end":{"line":33,"column":70}},"11":{"start":{"line":36,"column":8},"end":{"line":36,"column":28}},"12":{"start":{"line":38,"column":8},"end":{"line":38,"column":57}},"13":{"start":{"line":44,"column":27},"end":{"line":51,"column":1}},"14":{"start":{"line":45,"column":4},"end":{"line":50,"column":5}},"15":{"start":{"line":46,"column":22},"end":{"line":46,"column":47}},"16":{"start":{"line":47,"column":8},"end":{"line":47,"column":23}},"17":{"start":{"line":49,"column":8},"end":{"line":49,"column":44}},"18":{"start":{"line":54,"column":23},"end":{"line":61,"column":1}},"19":{"start":{"line":55,"column":4},"end":{"line":60,"column":5}},"20":{"start":{"line":56,"column":21},"end":{"line":56,"column":83}},"21":{"start":{"line":57,"column":8},"end":{"line":57,"column":22}},"22":{"start":{"line":59,"column":8},"end":{"line":59,"column":44}},"23":{"start":{"line":64,"column":26},"end":{"line":71,"column":1}},"24":{"start":{"line":65,"column":4},"end":{"line":70,"column":5}},"25":{"start":{"line":66,"column":8},"end":{"line":66,"column":40}},"26":{"start":{"line":67,"column":8},"end":{"line":67,"column":63}},"27":{"start":{"line":69,"column":8},"end":{"line":69,"column":44}},"28":{"start":{"line":74,"column":26},"end":{"line":81,"column":1}},"29":{"start":{"line":75,"column":4},"end":{"line":80,"column":5}},"30":{"start":{"line":76,"column":8},"end":{"line":76,"column":79}},"31":{"start":{"line":77,"column":8},"end":{"line":77,"column":62}},"32":{"start":{"line":79,"column":8},"end":{"line":79,"column":44}},"33":{"start":{"line":84,"column":26},"end":{"line":91,"column":1}},"34":{"start":{"line":85,"column":4},"end":{"line":90,"column":5}},"35":{"start":{"line":86,"column":8},"end":{"line":86,"column":70}},"36":{"start":{"line":87,"column":8},"end":{"line":87,"column":62}},"37":{"start":{"line":89,"column":8},"end":{"line":89,"column":44}}},"fnMap":{"0":{"name":"(anonymous_0)","decl":{"start":{"line":6,"column":25},"end":{"line":6,"column":26}},"loc":{"start":{"line":6,"column":45},"end":{"line":40,"column":1}},"line":6},"1":{"name":"(anonymous_1)","decl":{"start":{"line":44,"column":27},"end":{"line":44,"column":28}},"loc":{"start":{"line":44,"column":47},"end":{"line":51,"column":1}},"line":44},"2":{"name":"(anonymous_2)","decl":{"start":{"line":54,"column":23},"end":{"line":54,"column":24}},"loc":{"start":{"line":54,"column":43},"end":{"line":61,"column":1}},"line":54},"3":{"name":"(anonymous_3)","decl":{"start":{"line":64,"column":26},"end":{"line":64,"column":27}},"loc":{"start":{"line":64,"column":46},"end":{"line":71,"column":1}},"line":64},"4":{"name":"(anonymous_4)","decl":{"start":{"line":74,"column":26},"end":{"line":74,"column":27}},"loc":{"start":{"line":74,"column":46},"end":{"line":81,"column":1}},"line":74},"5":{"name":"(anonymous_5)","decl":{"start":{"line":84,"column":26},"end":{"line":84,"column":27}},"loc":{"start":{"line":84,"column":46},"end":{"line":91,"column":1}},"line":84}},"branchMap":{"0":{"loc":{"start":{"line":13,"column":8},"end":{"line":15,"column":9}},"type":"if","locations":[{"start":{"line":13,"column":8},"end":{"line":15,"column":9}},{"start":{},"end":{}}],"line":13},"1":{"loc":{"start":{"line":20,"column":8},"end":{"line":22,"column":9}},"type":"if","locations":[{"start":{"line":20,"column":8},"end":{"line":22,"column":9}},{"start":{},"end":{}}],"line":20}},"s":{"0":4,"1":0,"2":0,"3":0,"4":0,"5":0,"6":0,"7":0,"8":0,"9":0,"10":0,"11":0,"12":0,"13":4,"14":0,"15":0,"16":0,"17":0,"18":4,"19":0,"20":0,"21":0,"22":0,"23":4,"24":2,"25":2,"26":2,"27":0,"28":4,"29":0,"30":0,"31":0,"32":0,"33":4,"34":0,"35":0,"36":0,"37":0},"f":{"0":0,"1":0,"2":0,"3":2,"4":0,"5":0},"b":{"0":[0,0],"1":[0,0]},"inputSourceMap":null,"_coverageSchema":"1a1c01bbd47fc00a2c39e90264f33305004495a9","hash":"f3d6441e0baadbf822906636e261add30b8988d9"}
,"C:\\Users\\DAW\\Desktop\\ReadEase\\ReadEase-Back\\database\\db.js": {"path":"C:\\Users\\DAW\\Desktop\\ReadEase\\ReadEase-Back\\database\\db.js","statementMap":{"0":{"start":{"line":3,"column":11},"end":{"line":9,"column":2}}},"fnMap":{},"branchMap":{},"s":{"0":4},"f":{},"b":{},"inputSourceMap":null,"_coverageSchema":"1a1c01bbd47fc00a2c39e90264f33305004495a9","hash":"4cb2eff6af01d0c48d00849a890c02b35106d2fb"}
,"C:\\Users\\DAW\\Desktop\\ReadEase\\ReadEase-Back\\middleware\\auth.js": {"path":"C:\\Users\\DAW\\Desktop\\ReadEase\\ReadEase-Back\\middleware\\auth.js","statementMap":{"0":{"start":{"line":10,"column":21},"end":{"line":10,"column":49}},"1":{"start":{"line":12,"column":16},"end":{"line":12,"column":54}},"2":{"start":{"line":13,"column":2},"end":{"line":15,"column":3}},"3":{"start":{"line":14,"column":4},"end":{"line":14,"column":65}},"4":{"start":{"line":17,"column":2},"end":{"line":23,"column":4}},"5":{"start":{"line":18,"column":4},"end":{"line":20,"column":5}},"6":{"start":{"line":19,"column":6},"end":{"line":19,"column":74}},"7":{"start":{"line":21,"column":4},"end":{"line":21,"column":22}},"8":{"start":{"line":22,"column":4},"end":{"line":22,"column":10}},"9":{"start":{"line":31,"column":2},"end":{"line":36,"column":3}},"10":{"start":{"line":32,"column":4},"end":{"line":34,"column":5}},"11":{"start":{"line":33,"column":6},"end":{"line":33,"column":87}},"12":{"start":{"line":35,"column":4},"end":{"line":35,"column":10}}},"fnMap":{"0":{"name":"authenticateToken","decl":{"start":{"line":9,"column":16},"end":{"line":9,"column":33}},"loc":{"start":{"line":9,"column":50},"end":{"line":24,"column":1}},"line":9},"1":{"name":"(anonymous_1)","decl":{"start":{"line":17,"column":44},"end":{"line":17,"column":45}},"loc":{"start":{"line":17,"column":62},"end":{"line":23,"column":3}},"line":17},"2":{"name":"authorizeRoles","decl":{"start":{"line":30,"column":16},"end":{"line":30,"column":30}},"loc":{"start":{"line":30,"column":48},"end":{"line":37,"column":1}},"line":30},"3":{"name":"(anonymous_3)","decl":{"start":{"line":31,"column":9},"end":{"line":31,"column":10}},"loc":{"start":{"line":31,"column":29},"end":{"line":36,"column":3}},"line":31}},"branchMap":{"0":{"loc":{"start":{"line":12,"column":16},"end":{"line":12,"column":54}},"type":"binary-expr","locations":[{"start":{"line":12,"column":16},"end":{"line":12,"column":26}},{"start":{"line":12,"column":30},"end":{"line":12,"column":54}}],"line":12},"1":{"loc":{"start":{"line":13,"column":2},"end":{"line":15,"column":3}},"type":"if","locations":[{"start":{"line":13,"column":2},"end":{"line":15,"column":3}},{"start":{},"end":{}}],"line":13},"2":{"loc":{"start":{"line":18,"column":4},"end":{"line":20,"column":5}},"type":"if","locations":[{"start":{"line":18,"column":4},"end":{"line":20,"column":5}},{"start":{},"end":{}}],"line":18},"3":{"loc":{"start":{"line":32,"column":4},"end":{"line":34,"column":5}},"type":"if","locations":[{"start":{"line":32,"column":4},"end":{"line":34,"column":5}},{"start":{},"end":{}}],"line":32},"4":{"loc":{"start":{"line":32,"column":8},"end":{"line":32,"column":58}},"type":"binary-expr","locations":[{"start":{"line":32,"column":8},"end":{"line":32,"column":17}},{"start":{"line":32,"column":21},"end":{"line":32,"column":58}}],"line":32}},"s":{"0":3,"1":3,"2":3,"3":3,"4":0,"5":0,"6":0,"7":0,"8":0,"9":80,"10":0,"11":0,"12":0},"f":{"0":3,"1":0,"2":80,"3":0},"b":{"0":[3,0],"1":[3,0],"2":[0,0],"3":[0,0],"4":[0,0]},"inputSourceMap":null,"_coverageSchema":"1a1c01bbd47fc00a2c39e90264f33305004495a9","hash":"00fd4df373e62e19726a06ce29460537131cd7de"}
,"C:\\Users\\DAW\\Desktop\\ReadEase\\ReadEase-Back\\models\\BookModel.js": {"path":"C:\\Users\\DAW\\Desktop\\ReadEase\\ReadEase-Back\\models\\BookModel.js","statementMap":{"0":{"start":{"line":4,"column":18},"end":{"line":12,"column":2}}},"fnMap":{},"branchMap":{},"s":{"0":4},"f":{},"b":{},"inputSourceMap":null,"_coverageSchema":"1a1c01bbd47fc00a2c39e90264f33305004495a9","hash":"13f84b8d875b31b470f3bf5d49e79b81940dadf5"}
,"C:\\Users\\DAW\\Desktop\\ReadEase\\ReadEase-Back\\models\\CartItemModel.js": {"path":"C:\\Users\\DAW\\Desktop\\ReadEase\\ReadEase-Back\\models\\CartItemModel.js","statementMap":{"0":{"start":{"line":4,"column":22},"end":{"line":11,"column":2}}},"fnMap":{},"branchMap":{},"s":{"0":4},"f":{},"b":{},"inputSourceMap":null,"_coverageSchema":"1a1c01bbd47fc00a2c39e90264f33305004495a9","hash":"200cb7ca087d52383157aeed13a1694c62e975dd"}
,"C:\\Users\\DAW\\Desktop\\ReadEase\\ReadEase-Back\\models\\CartModel.js": {"path":"C:\\Users\\DAW\\Desktop\\ReadEase\\ReadEase-Back\\models\\CartModel.js","statementMap":{"0":{"start":{"line":4,"column":18},"end":{"line":10,"column":2}}},"fnMap":{},"branchMap":{},"s":{"0":4},"f":{},"b":{},"inputSourceMap":null,"_coverageSchema":"1a1c01bbd47fc00a2c39e90264f33305004495a9","hash":"faea3ec3ab979b9bb30c13285e7bf5ca0fc4b8ae"}
,"C:\\Users\\DAW\\Desktop\\ReadEase\\ReadEase-Back\\models\\OrderItemModel.js": {"path":"C:\\Users\\DAW\\Desktop\\ReadEase\\ReadEase-Back\\models\\OrderItemModel.js","statementMap":{"0":{"start":{"line":4,"column":23},"end":{"line":10,"column":2}}},"fnMap":{},"branchMap":{},"s":{"0":4},"f":{},"b":{},"inputSourceMap":null,"_coverageSchema":"1a1c01bbd47fc00a2c39e90264f33305004495a9","hash":"572d162e8a13cc8a86767d49b806a59f3f2de775"}
,"C:\\Users\\DAW\\Desktop\\ReadEase\\ReadEase-Back\\models\\OrderModel.js": {"path":"C:\\Users\\DAW\\Desktop\\ReadEase\\ReadEase-Back\\models\\OrderModel.js","statementMap":{"0":{"start":{"line":4,"column":19},"end":{"line":12,"column":2}}},"fnMap":{},"branchMap":{},"s":{"0":4},"f":{},"b":{},"inputSourceMap":null,"_coverageSchema":"1a1c01bbd47fc00a2c39e90264f33305004495a9","hash":"d0e793ebadc88a8fa3f0bacacb36a5b233ddf491"}
,"C:\\Users\\DAW\\Desktop\\ReadEase\\ReadEase-Back\\models\\UserBookModel.js": {"path":"C:\\Users\\DAW\\Desktop\\ReadEase\\ReadEase-Back\\models\\UserBookModel.js","statementMap":{"0":{"start":{"line":4,"column":23},"end":{"line":25,"column":2}}},"fnMap":{},"branchMap":{},"s":{"0":4},"f":{},"b":{},"inputSourceMap":null,"_coverageSchema":"1a1c01bbd47fc00a2c39e90264f33305004495a9","hash":"662773ab02f1425536e7da186134b872f3710d6a"}
,"C:\\Users\\DAW\\Desktop\\ReadEase\\ReadEase-Back\\models\\UserModel.js": {"path":"C:\\Users\\DAW\\Desktop\\ReadEase\\ReadEase-Back\\models\\UserModel.js","statementMap":{"0":{"start":{"line":9,"column":18},"end":{"line":20,"column":2}}},"fnMap":{},"branchMap":{},"s":{"0":4},"f":{},"b":{},"inputSourceMap":null,"_coverageSchema":"1a1c01bbd47fc00a2c39e90264f33305004495a9","hash":"d654b24e7681b3d63e0a1e051deb98af7b1b71ac"}
,"C:\\Users\\DAW\\Desktop\\ReadEase\\ReadEase-Back\\models\\index.js": {"path":"C:\\Users\\DAW\\Desktop\\ReadEase\\ReadEase-Back\\models\\index.js","statementMap":{},"fnMap":{},"branchMap":{},"s":{},"f":{},"b":{},"inputSourceMap":null,"_coverageSchema":"1a1c01bbd47fc00a2c39e90264f33305004495a9","hash":"637c20cfa06de1a8bc49ac7edf3d1eb6ae371669"}
,"C:\\Users\\DAW\\Desktop\\ReadEase\\ReadEase-Back\\routes\\auth.js": {"path":"C:\\Users\\DAW\\Desktop\\ReadEase\\ReadEase-Back\\routes\\auth.js","statementMap":{"0":{"start":{"line":6,"column":15},"end":{"line":6,"column":31}},"1":{"start":{"line":13,"column":0},"end":{"line":55,"column":2}},"2":{"start":{"line":14,"column":2},"end":{"line":54,"column":3}},"3":{"start":{"line":15,"column":32},"end":{"line":15,"column":40}},"4":{"start":{"line":18,"column":4},"end":{"line":20,"column":5}},"5":{"start":{"line":19,"column":6},"end":{"line":19,"column":81}},"6":{"start":{"line":23,"column":17},"end":{"line":23,"column":69}},"7":{"start":{"line":24,"column":4},"end":{"line":27,"column":5}},"8":{"start":{"line":26,"column":6},"end":{"line":26,"column":75}},"9":{"start":{"line":30,"column":20},"end":{"line":30,"column":65}},"10":{"start":{"line":31,"column":4},"end":{"line":33,"column":5}},"11":{"start":{"line":32,"column":6},"end":{"line":32,"column":75}},"12":{"start":{"line":36,"column":20},"end":{"line":39,"column":5}},"13":{"start":{"line":42,"column":18},"end":{"line":46,"column":5}},"14":{"start":{"line":49,"column":4},"end":{"line":49,"column":30}},"15":{"start":{"line":52,"column":4},"end":{"line":52,"column":53}},"16":{"start":{"line":53,"column":4},"end":{"line":53,"column":60}}},"fnMap":{"0":{"name":"(anonymous_0)","decl":{"start":{"line":13,"column":22},"end":{"line":13,"column":23}},"loc":{"start":{"line":13,"column":42},"end":{"line":55,"column":1}},"line":13}},"branchMap":{"0":{"loc":{"start":{"line":18,"column":4},"end":{"line":20,"column":5}},"type":"if","locations":[{"start":{"line":18,"column":4},"end":{"line":20,"column":5}},{"start":{},"end":{}}],"line":18},"1":{"loc":{"start":{"line":18,"column":8},"end":{"line":18,"column":27}},"type":"binary-expr","locations":[{"start":{"line":18,"column":8},"end":{"line":18,"column":14}},{"start":{"line":18,"column":18},"end":{"line":18,"column":27}}],"line":18},"2":{"loc":{"start":{"line":24,"column":4},"end":{"line":27,"column":5}},"type":"if","locations":[{"start":{"line":24,"column":4},"end":{"line":27,"column":5}},{"start":{},"end":{}}],"line":24},"3":{"loc":{"start":{"line":31,"column":4},"end":{"line":33,"column":5}},"type":"if","locations":[{"start":{"line":31,"column":4},"end":{"line":33,"column":5}},{"start":{},"end":{}}],"line":31}},"s":{"0":4,"1":4,"2":0,"3":0,"4":0,"5":0,"6":0,"7":0,"8":0,"9":0,"10":0,"11":0,"12":0,"13":0,"14":0,"15":0,"16":0},"f":{"0":0},"b":{"0":[0,0],"1":[0,0],"2":[0,0],"3":[0,0]},"inputSourceMap":null,"_coverageSchema":"1a1c01bbd47fc00a2c39e90264f33305004495a9","hash":"31a7ca30f47e7a39c1ac952731993ca3df4e7e97"}
,"C:\\Users\\DAW\\Desktop\\ReadEase\\ReadEase-Back\\routes\\routes.js": {"path":"C:\\Users\\DAW\\Desktop\\ReadEase\\ReadEase-Back\\routes\\routes.js","statementMap":{"0":{"start":{"line":64,"column":15},"end":{"line":64,"column":31}},"1":{"start":{"line":68,"column":0},"end":{"line":68,"column":33}},"2":{"start":{"line":70,"column":0},"end":{"line":70,"column":77}},"3":{"start":{"line":71,"column":0},"end":{"line":71,"column":77}},"4":{"start":{"line":72,"column":0},"end":{"line":72,"column":80}},"5":{"start":{"line":73,"column":0},"end":{"line":73,"column":83}},"6":{"start":{"line":77,"column":0},"end":{"line":77,"column":33}},"7":{"start":{"line":78,"column":0},"end":{"line":78,"column":33}},"8":{"start":{"line":80,"column":0},"end":{"line":80,"column":77}},"9":{"start":{"line":81,"column":0},"end":{"line":81,"column":80}},"10":{"start":{"line":83,"column":0},"end":{"line":83,"column":83}},"11":{"start":{"line":86,"column":0},"end":{"line":86,"column":42}},"12":{"start":{"line":91,"column":0},"end":{"line":91,"column":52}},"13":{"start":{"line":92,"column":0},"end":{"line":92,"column":52}},"14":{"start":{"line":93,"column":0},"end":{"line":93,"column":52}},"15":{"start":{"line":94,"column":0},"end":{"line":94,"column":55}},"16":{"start":{"line":95,"column":0},"end":{"line":95,"column":58}},"17":{"start":{"line":99,"column":0},"end":{"line":99,"column":61}},"18":{"start":{"line":100,"column":0},"end":{"line":100,"column":61}},"19":{"start":{"line":101,"column":0},"end":{"line":101,"column":61}},"20":{"start":{"line":102,"column":0},"end":{"line":102,"column":64}},"21":{"start":{"line":103,"column":0},"end":{"line":103,"column":67}},"22":{"start":{"line":107,"column":0},"end":{"line":112,"column":1}},"23":{"start":{"line":113,"column":0},"end":{"line":113,"column":54}},"24":{"start":{"line":115,"column":0},"end":{"line":115,"column":78}},"25":{"start":{"line":117,"column":0},"end":{"line":117,"column":82}},"26":{"start":{"line":118,"column":0},"end":{"line":118,"column":85}},"27":{"start":{"line":122,"column":0},"end":{"line":127,"column":1}},"28":{"start":{"line":128,"column":0},"end":{"line":128,"column":63}},"29":{"start":{"line":130,"column":0},"end":{"line":130,"column":87}},"30":{"start":{"line":131,"column":0},"end":{"line":136,"column":1}},"31":{"start":{"line":137,"column":0},"end":{"line":142,"column":1}},"32":{"start":{"line":146,"column":0},"end":{"line":151,"column":1}},"33":{"start":{"line":152,"column":0},"end":{"line":157,"column":1}},"34":{"start":{"line":158,"column":0},"end":{"line":163,"column":1}},"35":{"start":{"line":164,"column":0},"end":{"line":169,"column":1}},"36":{"start":{"line":170,"column":0},"end":{"line":175,"column":1}}},"fnMap":{},"branchMap":{},"s":{"0":4,"1":4,"2":4,"3":4,"4":4,"5":4,"6":4,"7":4,"8":4,"9":4,"10":4,"11":4,"12":4,"13":4,"14":4,"15":4,"16":4,"17":4,"18":4,"19":4,"20":4,"21":4,"22":4,"23":4,"24":4,"25":4,"26":4,"27":4,"28":4,"29":4,"30":4,"31":4,"32":4,"33":4,"34":4,"35":4,"36":4},"f":{},"b":{},"inputSourceMap":null,"_coverageSchema":"1a1c01bbd47fc00a2c39e90264f33305004495a9","hash":"4ab46392501f1c263eecbf8b651f64e5921578f6"}
}
