TN:
SF:controllers\BookController.js
FN:3,(anonymous_0)
FN:12,(anonymous_1)
FN:21,(anonymous_2)
FN:30,(anonymous_3)
FN:39,(anonymous_4)
FNF:5
FNH:4
FNDA:0,(anonymous_0)
FNDA:2,(anonymous_1)
FNDA:2,(anonymous_2)
FNDA:2,(anonymous_3)
FNDA:2,(anonymous_4)
DA:3,1
DA:4,0
DA:5,0
DA:6,0
DA:8,0
DA:12,1
DA:13,2
DA:14,2
DA:15,1
DA:17,1
DA:21,1
DA:22,2
DA:23,2
DA:24,1
DA:26,1
DA:30,1
DA:31,2
DA:32,2
DA:33,1
DA:35,1
DA:39,1
DA:40,2
DA:41,2
DA:42,1
DA:44,1
LF:25
LH:21
BRF:0
BRH:0
end_of_record
TN:
SF:controllers\UserController.js
FN:11,(anonymous_0)
FN:43,(anonymous_1)
FN:58,(anonymous_2)
FN:78,(anonymous_3)
FN:108,(anonymous_4)
FN:153,(anonymous_5)
FN:172,(anonymous_6)
FN:181,(anonymous_7)
FN:190,(anonymous_8)
FNF:9
FNH:4
FNDA:0,(anonymous_0)
FNDA:0,(anonymous_1)
FNDA:3,(anonymous_2)
FNDA:3,(anonymous_3)
FNDA:3,(anonymous_4)
FNDA:3,(anonymous_5)
FNDA:0,(anonymous_6)
FNDA:0,(anonymous_7)
FNDA:0,(anonymous_8)
DA:11,1
DA:12,0
DA:13,0
DA:14,0
DA:15,0
DA:16,0
DA:18,0
DA:19,0
DA:20,0
DA:22,0
DA:28,0
DA:33,0
DA:35,0
DA:43,1
DA:44,0
DA:45,0
DA:48,0
DA:50,0
DA:58,1
DA:59,3
DA:60,3
DA:64,2
DA:65,1
DA:67,1
DA:69,1
DA:78,1
DA:79,3
DA:80,3
DA:81,3
DA:82,1
DA:84,2
DA:85,2
DA:86,1
DA:88,1
DA:89,1
DA:95,1
DA:96,1
DA:98,0
DA:108,1
DA:109,3
DA:110,3
DA:112,3
DA:113,3
DA:115,3
DA:116,3
DA:117,1
DA:121,2
DA:122,0
DA:123,0
DA:125,0
DA:126,0
DA:127,0
DA:129,0
DA:132,2
DA:133,0
DA:137,2
DA:138,2
DA:140,2
DA:141,1
DA:142,1
DA:144,1
DA:145,1
DA:153,1
DA:154,3
DA:155,3
DA:156,3
DA:157,3
DA:158,2
DA:159,1
DA:161,1
DA:162,1
DA:164,1
DA:172,1
DA:173,0
DA:174,0
DA:181,1
DA:182,0
DA:183,0
DA:190,1
DA:191,0
DA:192,0
LF:81
LH:51
BRDA:15,0,0,0
BRDA:15,0,1,0
BRDA:19,1,0,0
BRDA:19,1,1,0
BRDA:30,2,0,0
BRDA:30,2,1,0
BRDA:64,3,0,1
BRDA:64,3,1,1
BRDA:81,4,0,1
BRDA:81,4,1,2
BRDA:81,5,0,3
BRDA:81,5,1,2
BRDA:81,5,2,2
BRDA:85,6,0,1
BRDA:85,6,1,1
BRDA:116,7,0,1
BRDA:116,7,1,2
BRDA:121,8,0,0
BRDA:121,8,1,2
BRDA:121,9,0,2
BRDA:121,9,1,2
BRDA:122,10,0,0
BRDA:122,10,1,0
BRDA:122,11,0,0
BRDA:122,11,1,0
BRDA:126,12,0,0
BRDA:126,12,1,0
BRDA:132,13,0,0
BRDA:132,13,1,2
BRDA:137,14,0,0
BRDA:137,14,1,2
BRDA:138,15,0,2
BRDA:138,15,1,0
BRDA:158,16,0,1
BRDA:158,16,1,1
BRF:35
BRH:19
end_of_record
TN:
SF:database\db.js
FNF:0
FNH:0
DA:3,2
LF:1
LH:1
BRF:0
BRH:0
end_of_record
TN:
SF:models\BookModel.js
FNF:0
FNH:0
DA:5,1
LF:1
LH:1
BRF:0
BRH:0
end_of_record
TN:
SF:models\UserModel.js
FNF:0
FNH:0
DA:9,1
LF:1
LH:1
BRF:0
BRH:0
end_of_record
