TN:
SF:admin.js
FN:46,(anonymous_0)
FNF:1
FNH:0
FNDA:0,(anonymous_0)
DA:10,4
DA:13,4
DA:38,4
DA:43,4
DA:47,0
DA:48,0
DA:50,0
LF:7
LH:4
BRDA:39,0,0,4
BRDA:39,0,1,4
BRDA:40,1,0,4
BRDA:40,1,1,4
BRDA:47,2,0,0
BRDA:47,2,1,0
BRDA:47,3,0,0
BRDA:47,3,1,0
BRDA:53,4,0,4
BRDA:53,4,1,4
BRF:10
BRH:6
end_of_record
TN:
SF:app.js
FN:38,(anonymous_0)
FNF:1
FNH:1
FNDA:4,(anonymous_0)
DA:3,4
DA:12,4
DA:13,4
DA:14,4
DA:17,4
DA:20,4
DA:25,4
DA:28,4
DA:30,4
DA:31,4
DA:32,4
DA:34,0
DA:37,4
DA:38,4
DA:39,4
DA:40,4
LF:16
LH:15
BRDA:37,0,0,4
BRDA:37,0,1,4
BRF:2
BRH:2
end_of_record
TN:
SF:controllers\BookController.js
FN:3,(anonymous_0)
FN:12,(anonymous_1)
FN:21,(anonymous_2)
FN:30,(anonymous_3)
FN:39,(anonymous_4)
FNF:5
FNH:5
FNDA:2,(anonymous_0)
FNDA:2,(anonymous_1)
FNDA:1,(anonymous_2)
FNDA:1,(anonymous_3)
FNDA:1,(anonymous_4)
DA:3,4
DA:4,2
DA:5,2
DA:6,2
DA:8,0
DA:12,4
DA:13,2
DA:14,2
DA:15,2
DA:17,0
DA:21,4
DA:22,1
DA:23,1
DA:24,1
DA:26,0
DA:30,4
DA:31,1
DA:32,1
DA:33,1
DA:35,0
DA:39,4
DA:40,1
DA:41,1
DA:42,1
DA:44,0
LF:25
LH:20
BRF:0
BRH:0
end_of_record
TN:
SF:controllers\CartController.js
FN:3,(anonymous_0)
FN:12,(anonymous_1)
FN:21,(anonymous_2)
FN:30,(anonymous_3)
FN:39,(anonymous_4)
FNF:5
FNH:5
FNDA:2,(anonymous_0)
FNDA:2,(anonymous_1)
FNDA:1,(anonymous_2)
FNDA:1,(anonymous_3)
FNDA:1,(anonymous_4)
DA:3,4
DA:4,2
DA:5,2
DA:6,2
DA:8,0
DA:12,4
DA:13,2
DA:14,2
DA:15,2
DA:17,0
DA:21,4
DA:22,1
DA:23,1
DA:24,1
DA:26,0
DA:30,4
DA:31,1
DA:32,1
DA:33,1
DA:35,0
DA:39,4
DA:40,1
DA:41,1
DA:42,1
DA:44,0
LF:25
LH:20
BRF:0
BRH:0
end_of_record
TN:
SF:controllers\CartItemController.js
FN:3,(anonymous_0)
FN:12,(anonymous_1)
FN:21,(anonymous_2)
FN:30,(anonymous_3)
FN:39,(anonymous_4)
FNF:5
FNH:0
FNDA:0,(anonymous_0)
FNDA:0,(anonymous_1)
FNDA:0,(anonymous_2)
FNDA:0,(anonymous_3)
FNDA:0,(anonymous_4)
DA:3,4
DA:4,0
DA:5,0
DA:6,0
DA:8,0
DA:12,4
DA:13,0
DA:14,0
DA:15,0
DA:17,0
DA:21,4
DA:22,0
DA:23,0
DA:24,0
DA:26,0
DA:30,4
DA:31,0
DA:32,0
DA:33,0
DA:35,0
DA:39,4
DA:40,0
DA:41,0
DA:42,0
DA:44,0
LF:25
LH:5
BRF:0
BRH:0
end_of_record
TN:
SF:controllers\OrderController.js
FN:3,(anonymous_0)
FN:12,(anonymous_1)
FN:21,(anonymous_2)
FN:30,(anonymous_3)
FN:39,(anonymous_4)
FNF:5
FNH:0
FNDA:0,(anonymous_0)
FNDA:0,(anonymous_1)
FNDA:0,(anonymous_2)
FNDA:0,(anonymous_3)
FNDA:0,(anonymous_4)
DA:3,4
DA:4,0
DA:5,0
DA:6,0
DA:8,0
DA:12,4
DA:13,0
DA:14,0
DA:15,0
DA:17,0
DA:21,4
DA:22,0
DA:23,0
DA:24,0
DA:26,0
DA:30,4
DA:31,0
DA:32,0
DA:33,0
DA:35,0
DA:39,4
DA:40,0
DA:41,0
DA:42,0
DA:44,0
LF:25
LH:5
BRF:0
BRH:0
end_of_record
TN:
SF:controllers\OrderItemController.js
FN:3,(anonymous_0)
FN:12,(anonymous_1)
FN:21,(anonymous_2)
FN:30,(anonymous_3)
FN:39,(anonymous_4)
FNF:5
FNH:0
FNDA:0,(anonymous_0)
FNDA:0,(anonymous_1)
FNDA:0,(anonymous_2)
FNDA:0,(anonymous_3)
FNDA:0,(anonymous_4)
DA:3,4
DA:4,0
DA:5,0
DA:6,0
DA:8,0
DA:12,4
DA:13,0
DA:14,0
DA:15,0
DA:17,0
DA:21,4
DA:22,0
DA:23,0
DA:24,0
DA:26,0
DA:30,4
DA:31,0
DA:32,0
DA:33,0
DA:35,0
DA:39,4
DA:40,0
DA:41,0
DA:42,0
DA:44,0
LF:25
LH:5
BRF:0
BRH:0
end_of_record
TN:
SF:controllers\PdfController.js
FN:5,(anonymous_0)
FNF:1
FNH:0
FNDA:0,(anonymous_0)
DA:5,4
DA:6,0
DA:7,0
DA:8,0
DA:9,0
DA:10,0
DA:13,0
DA:15,0
DA:17,0
DA:19,0
DA:20,0
LF:11
LH:1
BRDA:9,0,0,0
BRDA:9,0,1,0
BRDA:10,1,0,0
BRDA:10,1,1,0
BRF:4
BRH:0
end_of_record
TN:
SF:controllers\UserBookController.js
FN:3,(anonymous_0)
FN:12,(anonymous_1)
FN:25,(anonymous_2)
FN:34,(anonymous_3)
FN:43,(anonymous_4)
FNF:5
FNH:0
FNDA:0,(anonymous_0)
FNDA:0,(anonymous_1)
FNDA:0,(anonymous_2)
FNDA:0,(anonymous_3)
FNDA:0,(anonymous_4)
DA:3,4
DA:4,0
DA:5,0
DA:6,0
DA:8,0
DA:12,4
DA:13,0
DA:14,0
DA:15,0
DA:16,0
DA:18,0
DA:21,0
DA:25,4
DA:26,0
DA:27,0
DA:28,0
DA:30,0
DA:34,4
DA:35,0
DA:36,0
DA:37,0
DA:39,0
DA:43,4
DA:44,0
DA:45,0
DA:46,0
DA:48,0
LF:27
LH:5
BRDA:15,0,0,0
BRDA:15,0,1,0
BRF:2
BRH:0
end_of_record
TN:
SF:controllers\UserController.js
FN:6,(anonymous_0)
FN:44,(anonymous_1)
FN:54,(anonymous_2)
FN:64,(anonymous_3)
FN:74,(anonymous_4)
FN:84,(anonymous_5)
FNF:6
FNH:5
FNDA:0,(anonymous_0)
FNDA:2,(anonymous_1)
FNDA:2,(anonymous_2)
FNDA:2,(anonymous_3)
FNDA:1,(anonymous_4)
FNDA:1,(anonymous_5)
DA:6,4
DA:7,0
DA:8,0
DA:11,0
DA:13,0
DA:14,0
DA:18,0
DA:20,0
DA:21,0
DA:25,0
DA:33,0
DA:36,0
DA:38,0
DA:44,4
DA:45,2
DA:46,2
DA:47,2
DA:49,0
DA:54,4
DA:55,2
DA:56,2
DA:57,2
DA:59,0
DA:64,4
DA:65,2
DA:66,2
DA:67,2
DA:69,0
DA:74,4
DA:75,1
DA:76,1
DA:77,1
DA:79,0
DA:84,4
DA:85,1
DA:86,1
DA:87,1
DA:89,0
LF:38
LH:21
BRDA:13,0,0,0
BRDA:13,0,1,0
BRDA:20,1,0,0
BRDA:20,1,1,0
BRF:4
BRH:0
end_of_record
TN:
SF:database\db.js
FNF:0
FNH:0
DA:3,4
LF:1
LH:1
BRF:0
BRH:0
end_of_record
TN:
SF:models\BookModel.js
FNF:0
FNH:0
DA:4,4
LF:1
LH:1
BRF:0
BRH:0
end_of_record
TN:
SF:models\CartItemModel.js
FNF:0
FNH:0
DA:4,4
LF:1
LH:1
BRF:0
BRH:0
end_of_record
TN:
SF:models\CartModel.js
FNF:0
FNH:0
DA:4,4
LF:1
LH:1
BRF:0
BRH:0
end_of_record
TN:
SF:models\OrderItemModel.js
FNF:0
FNH:0
DA:4,4
LF:1
LH:1
BRF:0
BRH:0
end_of_record
TN:
SF:models\OrderModel.js
FNF:0
FNH:0
DA:4,4
LF:1
LH:1
BRF:0
BRH:0
end_of_record
TN:
SF:models\UserBookModel.js
FNF:0
FNH:0
DA:4,4
LF:1
LH:1
BRF:0
BRH:0
end_of_record
TN:
SF:models\UserModel.js
FNF:0
FNH:0
DA:9,4
LF:1
LH:1
BRF:0
BRH:0
end_of_record
TN:
SF:models\index.js
FNF:0
FNH:0
LF:0
LH:0
BRF:0
BRH:0
end_of_record
TN:
SF:routes\routes.js
FNF:0
FNH:0
DA:13,4
DA:16,4
DA:17,4
DA:18,4
DA:19,4
DA:20,4
DA:24,4
DA:25,4
DA:26,4
DA:27,4
DA:28,4
DA:31,4
DA:34,4
DA:35,4
DA:36,4
DA:37,4
DA:38,4
DA:41,4
DA:42,4
DA:43,4
DA:44,4
DA:45,4
DA:48,4
DA:49,4
DA:50,4
DA:51,4
DA:52,4
DA:55,4
DA:56,4
DA:57,4
DA:58,4
DA:59,4
DA:62,4
DA:63,4
DA:64,4
DA:65,4
DA:66,4
LF:37
LH:37
BRF:0
BRH:0
end_of_record
